":25},"end":{"line":197,"column":65}},"79":{"start":{"line":198,"column":12},"end":{"line":200,"column":null}},"80":{"start":{"line":199,"column":16},"end":{"line":199,"column":null}},"81":{"start":{"line":201,"column":12},"end":{"line":203,"column":null}},"82":{"start":{"line":202,"column":16},"end":{"line":202,"column":null}},"83":{"start":{"line":204,"column":12},"end":{"line":206,"column":null}},"84":{"start":{"line":205,"column":16},"end":{"line":205,"column":null}},"85":{"start":{"line":207,"column":12},"end":{"line":207,"column":null}},"86":{"start":{"line":210,"column":28},"end":{"line":210,"column":82}},"87":{"start":{"line":211,"column":12},"end":{"line":211,"column":null}},"88":{"start":{"line":219,"column":4},"end":{"line":237,"column":null}},"89":{"start":{"line":243,"column":23},"end":{"line":243,"column":61}},"90":{"start":{"line":244,"column":4},"end":{"line":247,"column":null}},"91":{"start":{"line":254,"column":4},"end":{"line":254,"column":null}}},"fnMap":{"0":{"name":"getTempFilePath","decl":{"start":{"line":15,"column":9},"end":{"line":15,"column":24}},"loc":{"start":{"line":15,"column":27},"end":{"line":18,"column":null}},"line":15},"1":{"name":"getShellConfig","decl":{"start":{"line":30,"column":9},"end":{"line":30,"column":23}},"loc":{"start":{"line":30,"column":26},"end":{"line":36,"column":null}},"line":30},"2":{"name":"getShellEnv","decl":{"start":{"line":40,"column":9},"end":{"line":40,"column":20}},"loc":{"start":{"line":40,"column":23},"end":{"line":42,"column":null}},"line":40},"3":{"name":"killProcessTree","decl":{"start":{"line":46,"column":9},"end":{"line":46,"column":24}},"loc":{"start":{"line":46,"column":30},"end":{"line":70,"column":null}},"line":46},"4":{"name":"trackDetachedChildPid","decl":{"start":{"line":75,"column":9},"end":{"line":75,"column":30}},"loc":{"start":{"line":75,"column":36},"end":{"line":77,"column":null}},"line":75},"5":{"name":"untrackDetachedChildPid","decl":{"start":{"line":78,"column":9},"end":{"line":78,"column":32}},"loc":{"start":{"line":78,"column":38},"end":{"line":80,"column":null}},"line":78},"6":{"name":"formatSize","decl":{"start":{"line":84,"column":9},"end":{"line":84,"column":19}},"loc":{"start":{"line":84,"column":27},"end":{"line":90,"column":null}},"line":84},"7":{"name":"truncateOutput","decl":{"start":{"line":94,"column":9},"end":{"line":94,"column":23}},"loc":{"start":{"line":94,"column":42},"end":{"line":100,"column":null}},"line":94},"8":{"name":"executeBash","decl":{"start":{"line":104,"column":15},"end":{"line":104,"column":26}},"loc":{"start":{"line":104,"column":55},"end":{"line":177,"column":null}},"line":104},"9":{"name":"(anonymous_9)","decl":{"start":{"line":111,"column":23},"end":{"line":111,"column":24}},"loc":{"start":{"line":111,"column":44},"end":{"line":176,"column":5}},"line":111},"10":{"name":"(anonymous_10)","decl":{"start":{"line":126,"column":39},"end":{"line":126,"column":40}},"loc":{"start":{"line":126,"column":45},"end":{"line":131,"column":13}},"line":126},"11":{"name":"(anonymous_11)","decl":{"start":{"line":134,"column":33},"end":{"line":134,"column":34}},"loc":{"start":{"line":134,"column":43},"end":{"line":136,"column":9}},"line":134},"12":{"name":"(anonymous_12)","decl":{"start":{"line":138,"column":33},"end":{"line":138,"column":34}},"loc":{"start":{"line":138,"column":43},"end":{"line":140,"column":9}},"line":138},"13":{"name":"(anonymous_13)","decl":{"start":{"line":141,"column":26},"end":{"line":141,"column":27}},"loc":{"start":{"line":141,"column":36},"end":{"line":158,"column":9}},"line":141},"14":{"name":"(anonymous_14)","decl":{"start":{"line":159,"column":26},"end":{"line":159,"column":27}},"loc":{"start":{"line":159,"column":37},"end":{"line":167,"column":9}},"line":159},"15":{"name":"(anonymous_15)","decl":{"start":{"line":170,"column":53},"end":{"line":170,"column":54}},"loc":{"start":{"line":170,"column":59},"end":{"line":174,"column":13}},"line":170},"16":{"name":"createBashHandler","decl":{"start":{"line":181,"column":16},"end":{"line":181,"column":33}},"loc":{"start":{"line":181,"column":48},"end":{"line":214,"column":null}},"line":181},"17":{"name":"(anonymous_17)","decl":{"start":{"line":184,"column":11},"end":{"line":184,"column":16}},"loc":{"start":{"line":184,"column":36},"end":{"line":213,"column":5}},"line":184},"18":{"name":"createBashToolDefinition","decl":{"start":{"line":218,"column":16},"end":{"line":218,"column":40}},"loc":{"start":{"line":218,"column":55},"end":{"line":238,"column":null}},"line":218},"19":{"name":"createBashTool","decl":{"start":{"line":242,"column":16},"end":{"line":242,"column":30}},"loc":{"start":{"line":242,"column":45},"end":{"line":248,"column":null}},"line":242},"20":{"name":"isBashToolResult","decl":{"start":{"line":252,"column":16},"end":{"line":252,"column":32}},"loc":{"start":{"line":252,"column":41},"end":{"line":255,"column":null}},"line":252}},"branchMap":{"0":{"loc":{"start":{"line":33,"column":15},"end":{"line":33,"column":50}},"type":"cond-expr","locations":[{"start":{"line":33,"column":27},"end":{"line":33,"column":36}},{"start":{"line":33,"column":39},"end":{"line":33,"column":50}}],"line":33},"1":{"loc":{"start":{"line":34,"column":14},"end":{"line":34,"column":41}},"type":"cond-expr","locations":[{"start":{"line":34,"column":26},"end":{"line":34,"column":32}},{"start":{"line":34,"column":35},"end":{"line":34,"column":41}}],"line":34},"2":{"loc":{"start":{"line":48,"column":8},"end":{"line":65,"column":null}},"type":"if","locations":[{"start":{"line":48,"column":8},"end":{"line":65,"column":null}},{"start":{"line":51,"column":13},"end":{"line":65,"column":null}}],"line":48},"3":{"loc":{"start":{"line":85,"column":4},"end":{"line":86,"column":null}},"type":"if","locations":[{"start":{"line":85,"column":4},"end":{"line":86,"column":null}},{"start":{},"end":{}}],"line":85},"4":{"loc":{"start":{"line":87,"column":4},"end":{"line":88,"column":null}},"type":"if","locations":[{"start":{"line":87,"column":4},"end":{"line":88,"column":null}},{"start":{},"end":{}}],"line":87},"5":{"loc":{"start":{"line":95,"column":4},"end":{"line":97,"column":null}},"type":"if","locations":[{"start":{"line":95,"column":4},"end":{"line":97,"column":null}},{"start":{},"end":{}}],"line":95},"6":{"loc":{"start":{"line":104,"column":41},"end":{"line":104,"column":53}},"type":"default-arg","locations":[{"start":{"line":104,"column":51},"end":{"line":104,"column":53}}],"line":104},"7":{"loc":{"start":{"line":106,"column":20},"end":{"line":106,"column":54}},"type":"binary-expr","locations":[{"start":{"line":106,"column":20},"end":{"line":106,"column":35}},{"start":{"line":106,"column":39},"end":{"line":106,"column":54}}],"line":106},"8":{"loc":{"start":{"line":107,"column":21},"end":{"line":107,"column":57}},"type":"binary-expr","locations":[{"start":{"line":107,"column":21},"end":{"line":107,"column":37}},{"start":{"line":107,"column":41},"end":{"line":107,"column":57}}],"line":107},"9":{"loc":{"start":{"line":108,"column":4},"end":{"line":110,"column":null}},"type":"if","locations":[{"start":{"line":108,"column":4},"end":{"line":110,"column":null}},{"start":{},"end":{}}],"line":108},"10":{"loc":{"start":{"line":118,"column":8},"end":{"line":120,"column":null}},"type":"if","locations":[{"start":{"line":118,"column":8},"end":{"line":120,"column":null}},{"start":{},"end":{}}],"line":118},"11":{"loc":{"start":{"line":125,"column":8},"end":{"line":132,"column":null}},"type":"if","locations":[{"start":{"line":125,"column":8},"end":{"line":132,"column":null}},{"start":{},"end":{}}],"line":125},"12":{"loc":{"start":{"line":128,"column":16},"end":{"line":130,"column":null}},"type":"if","locations":[{"start":{"line":128,"column":16},"end":{"line":130,"column":null}},{"start":{},"end":{}}],"line":128},"13":{"loc":{"start":{"line":142,"column":12},"end":{"line":144,"column":null}},"type":"if","locations":[{"start":{"line":142,"column":12},"end":{"line":144,"column":null}},{"start":{},"end":{}}],"line":142},"14":{"loc":{"start":{"line":145,"column":12},"end":{"line":147,"column":null}},"type":"if","locations":[{"start":{"line":145,"column":12},"end":{"line":147,"column":null}},{"start":{},"end":{}}],"line":145},"15":{"loc":{"start":{"line":160,"column":12},"end":{"line":162,"column":null}},"type":"if","locations":[{"start":{"line":160,"column":12},"end":{"line":162,"column":null}},{"start":{},"end":{}}],"line":160},"16":{"loc":{"start":{"line":163,"column":12},"end":{"line":165,"column":null}},"type":"if","locations":[{"start":{"line":163,"column":12},"end":{"line":165,"column":null}},{"start":{},"end":{}}],"line":163},"17":{"loc":{"start":{"line":169,"column":8},"end":{"line":175,"column":null}},"type":"if","locations":[{"start":{"line":169,"column":8},"end":{"line":175,"column":null}},{"start":{},"end":{}}],"line":169},"18":{"loc":{"start":{"line":171,"column":16},"end":{"line":173,"column":null}},"type":"if","locations":[{"start":{"line":171,"column":16},"end":{"line":173,"column":null}},{"start":{},"end":{}}],"line":171},"19":{"loc":{"start":{"line":182,"column":22},"end":{"line":182,"column":58}},"type":"binary-expr","locations":[{"start":{"line":182,"column":22},"end":{"line":182,"column":34}},{"start":{"line":182,"column":38},"end":{"line":182,"column":41}},{"start":{"line":182,"column":45},"end":{"line":182,"column":58}}],"line":182},"20":{"loc":{"start":{"line":183,"column":21},"end":{"line":183,"column":58}},"type":"binary-expr","locations":[{"start":{"line":183,"column":21},"end":{"line":183,"column":38}},{"start":{"line":183,"column":42},"end":{"line":183,"column":58}}],"line":183},"21":{"loc":{"start":{"line":187,"column":8},"end":{"line":189,"column":null}},"type":"if","locations":[{"start":{"line":187,"column":8},"end":{"line":189,"column":null}},{"start":{},"end":{}}],"line":187},"22":{"loc":{"start":{"line":187,"column":12},"end":{"line":187,"column":51}},"type":"binary-expr","locations":[{"start":{"line":187,"column":12},"end":{"line":187,"column":20}},{"start":{"line":187,"column":24},"end":{"line":187,"column":51}}],"line":187},"23":{"loc":{"start":{"line":197,"column":25},"end":{"line":197,"column":65}},"type":"binary-expr","locations":[{"start":{"line":197,"column":25},"end":{"line":197,"column":45}},{"start":{"line":197,"column":49},"end":{"line":197,"column":65}}],"line":197},"24":{"loc":{"start":{"line":198,"column":12},"end":{"line":200,"column":null}},"type":"if","locations":[{"start":{"line":198,"column":12},"end":{"line":200,"column":null}},{"start":{},"end":{}}],"line":198},"25":{"loc":{"start":{"line":201,"column":12},"end":{"line":203,"column":null}},"type":"if","locations":[{"start":{"line":201,"column":12},"end":{"line":203,"column":null}},{"start":{},"end":{}}],"line":201},"26":{"loc":{"start":{"line":204,"column":12},"end":{"line":206,"column":null}},"type":"if","locations":[{"start":{"line":204,"column":12},"end":{"line":206,"column":null}},{"start":{},"end":{}}],"line":204},"27":{"loc":{"start":{"line":204,"column":16},"end":{"line":204,"column":65}},"type":"binary-expr","locations":[{"start":{"line":204,"column":16},"end":{"line":204,"column":40}},{"start":{"line":204,"column":44},"end":{"line":204,"column":65}}],"line":204},"28":{"loc":{"start":{"line":210,"column":28},"end":{"line":210,"column":82}},"type":"cond-expr","locations":[{"start":{"line":210,"column":53},"end":{"line":210,"column":66}},{"start":{"line":210,"column":69},"end":{"line":210,"column":82}}],"line":210},"29":{"loc":{"start":{"line":254,"column":11},"end":{"line":254,"column":58}},"type":"binary-expr","locations":[{"start":{"line":254,"column":11},"end":{"line":254,"column":37}},{"start":{"line":254,"column":41},"end":{"line":254,"column":58}}],"line":254}},"s":{"0":5,"1":5,"2":5,"3":5,"4":5,"5":0,"6":0,"7":5,"8":5,"9":9,"10":9,"11":8,"12":1,"13":1,"14":0,"15":1,"16":1,"17":0,"18":0,"19":5,"20":7,"21":7,"22":6,"23":5,"24":1,"25":1,"26":0,"27":6,"28":5,"29":1,"30":1,"31":9,"32":9,"33":9,"34":9,"35":1,"36":8,"37":8,"38":8,"39":7,"40":7,"41":7,"42":7,"43":7,"44":1,"45":1,"46":1,"47":7,"48":3,"49":8,"50":1,"51":8,"52":6,"53":6,"54":6,"55":6,"56":6,"57":6,"58":8,"59":1,"60":1,"61":1,"62":1,"63":1,"64":8,"65":0,"66":0,"67":0,"68":21,"69":21,"70":21,"71":11,"72":11,"73":11,"74":2,"75":9,"76":9,"77":6,"78":6,"79":11,"80":1,"81":6,"82":1,"83":6,"84":1,"85":6,"86":3,"87":3,"88":21,"89":1,"90":1,"91":6},"f":{"0":0,"1":9,"2":8,"3":1,"4":7,"5":7,"6":6,"7":6,"8":9,"9":8,"10":1,"11":3,"12":1,"13":6,"14":1,"15":0,"16":21,"17":11,"18":21,"19":1,"20":6},"b":{"0":[0,9],"1":[0,9],"2":[0,1],"3":[5,1],"4":[1,0],"5":[5,1],"6":[9],"7":[9,8],"8":[9,0],"9":[1,8],"10":[7,1],"11":[7,0],"12":[1,0],"13":[6,0],"14":[6,0],"15":[1,0],"16":[1,0],"17":[0,8],"18":[0,0],"19":[21,21,0],"20":[21,21],"21":[2,9],"22":[11,10],"23":[6,3],"24":[1,10],"25":[1,5],"26":[1,5],"27":[6,6],"28":[3,0],"29":[6,2]},"meta":{"lastBranch":30,"lastFunction":21,"lastStatement":92,"seen":{"s:1:14:1:55":0,"s:1:76:1:121":1,"s:1:137:1:173":2,"s:1:193:1:233":3,"s:1:247:1:283":4,"f:15:9:15:24":0,"s:16:15:16:45":5,"s:17:4:17:Infinity":6,"s:22:24:22:26":7,"s:26:25:26:35":8,"f:30:9:30:23":1,"s:31:22:31:50":9,"s:32:4:35:Infinity":10,"b:33:27:33:36:33:39:33:50":0,"b:34:26:34:32:34:35:34:41":1,"f:40:9:40:20":2,"s:41:4:41:Infinity":11,"f:46:9:46:24":3,"s:47:4:69:Infinity":12,"b:48:8:65:Infinity:51:13:65:Infinity":2,"s:48:8:65:Infinity":13,"s:49:12:49:Infinity":14,"s:53:12:64:Infinity":15,"s:54:16:54:Infinity":16,"s:58:16:63:Infinity":17,"s:59:20:59:Infinity":18,"s:74:20:74:29":19,"f:75:9:75:30":4,"s:76:4:76:Infinity":20,"f:78:9:78:32":5,"s:79:4:79:Infinity":21,"f:84:9:84:19":6,"b:85:4:86:Infinity:undefined:undefined:undefined:undefined":3,"s:85:4:86:Infinity":22,"s:86:8:86:Infinity":23,"b:87:4:88:Infinity:undefined:undefined:undefined:undefined":4,"s:87:4:88:Infinity":24,"s:88:8:88:Infinity":25,"s:89:4:89:Infinity":26,"f:94:9:94:23":7,"b:95:4:97:Infinity:undefined:undefined:undefined:undefined":5,"s:95:4:97:Infinity":27,"s:96:8:96:Infinity":28,"s:98:22:98:45":29,"s:99:4:99:Infinity":30,"f:104:15:104:26":8,"b:104:51:104:53":6,"s:105:28:105:44":31,"s:106:20:106:54":32,"b:106:20:106:35:106:39:106:54":7,"s:107:21:107:57":33,"b:107:21:107:37:107:41:107:57":8,"b:108:4:110:Infinity:undefined:undefined:undefined:undefined":9,"s:108:4:110:Infinity":34,"s:109:8:109:Infinity":35,"s:111:4:176:Infinity":36,"f:111:23:111:24":9,"s:112:22:117:10":37,"b:118:8:120:Infinity:undefined:undefined:undefined:undefined":10,"s:118:8:120:Infinity":38,"s:119:12:119:Infinity":39,"s:121:21:121:23":40,"s:122:23:122:28":41,"b:125:8:132:Infinity:undefined:undefined:undefined:undefined":11,"s:125:8:132:Infinity":42,"s:126:12:131:Infinity":43,"f:126:39:126:40":10,"s:127:16:127:Infinity":44,"b:128:16:130:Infinity:undefined:undefined:undefined:undefined":12,"s:128:16:130:Infinity":45,"s:129:20:129:Infinity":46,"s:134:8:136:Infinity":47,"f:134:33:134:34":11,"s:135:12:135:Infinity":48,"s:138:8:140:Infinity":49,"f:138:33:138:34":12,"s:139:12:139:Infinity":50,"s:141:8:158:Infinity":51,"f:141:26:141:27":13,"b:142:12:144:Infinity:undefined:undefined:undefined:undefined":13,"s:142:12:144:Infinity":52,"s:143:16:143:Infinity":53,"b:145:12:147:Infinity:undefined:undefined:undefined:undefined":14,"s:145:12:147:Infinity":54,"s:146:16:146:Infinity":55,"s:148:40:148:72":56,"s:149:12:157:Infinity":57,"s:159:8:167:Infinity":58,"f:159:26:159:27":14,"b:160:12:162:Infinity:undefined:undefined:undefined:undefined":15,"s:160:12:162:Infinity":59,"s:161:16:161:Infinity":60,"b:163:12:165:Infinity:undefined:undefined:undefined:undefined":16,"s:163:12:165:Infinity":61,"s:164:16:164:Infinity":62,"s:166:12:166:Infinity":63,"b:169:8:175:Infinity:undefined:undefined:undefined:undefined":17,"s:169:8:175:Infinity":64,"s:170:12:174:Infinity":65,"f:170:53:170:54":15,"b:171:16:173:Infinity:undefined:undefined:undefined:undefined":18,"s:171:16:173:Infinity":66,"s:172:20:172:Infinity":67,"f:181:16:181:33":16,"s:182:22:182:58":68,"b:182:22:182:34:182:38:182:41:182:45:182:58":19,"s:183:21:183:58":69,"b:183:21:183:38:183:42:183:58":20,"s:184:4:213:Infinity":70,"f:184:11:184:16":17,"s:185:24:185:36":71,"s:186:24:186:36":72,"b:187:8:189:Infinity:undefined:undefined:undefined:undefined":21,"s:187:8:189:Infinity":73,"b:187:12:187:20:187:24:187:51":22,"s:188:12:188:Infinity":74,"s:190:8:212:Infinity":75,"s:191:27:195:14":76,"s:196:29:196:82":77,"s:197:25:197:65":78,"b:197:25:197:45:197:49:197:65":23,"b:198:12:200:Infinity:undefined:undefined:undefined:undefined":24,"s:198:12:200:Infinity":79,"s:199:16:199:Infinity":80,"b:201:12:203:Infinity:undefined:undefined:undefined:undefined":25,"s:201:12:203:Infinity":81,"s:202:16:202:Infinity":82,"b:204:12:206:Infinity:undefined:undefined:undefined:undefined":26,"s:204:12:206:Infinity":83,"b:204:16:204:40:204:44:204:65":27,"s:205:16:205:Infinity":84,"s:207:12:207:Infinity":85,"s:210:28:210:82":86,"b:210:53:210:66:210:69:210:82":28,"s:211:12:211:Infinity":87,"f:218:16:218:40":18,"s:219:4:237:Infinity":88,"f:242:16:242:30":19,"s:243:23:243:61":89,"s:244:4:247:Infinity":90,"f:252:16:252:32":20,"s:254:4:254:Infinity":91,"b:254:11:254:37:254:41:254:58":29}}},"/home/quangtynu/Qcoder/picro/src/tools/file-mutation-queue.ts":{"path":"/home/quangtynu/Qcoder/picro/src/tools/file-mutation-queue.ts","statementMap":{"0":{"start":{"line":37,"column":40},"end":{"line":37,"column":42}},"1":{"start":{"line":38,"column":34},"end":{"line":38,"column":36}},"2":{"start":{"line":42,"column":4},"end":{"line":42,"column":null}},"3":{"start":{"line":49,"column":25},"end":{"line":49,"column":57}},"4":{"start":{"line":53,"column":4},"end":{"line":57,"column":null}},"5":{"start":{"line":54,"column":6},"end":{"line":54,"column":null}},"6":{"start":{"line":57,"column":6},"end":{"line":57,"column":null}},"7":{"start":{"line":61,"column":26},"end":{"line":61,"column":59}},"8":{"start":{"line":62,"column":18},"end":{"line":62,"column":57}},"9":{"start":{"line":64,"column":4},"end":{"line":68,"column":null}},"10":{"start":{"line":65,"column":6},"end":{"line":68,"column":null}},"11":{"start":{"line":71,"column":23},"end":{"line":73,"column":null}},"12":{"start":{"line":75,"column":4},"end":{"line":80,"column":null}},"13":{"start":{"line":87,"column":4},"end":{"line":88,"column":null}},"14":{"start":{"line":88,"column":6},"end":{"line":88,"column":null}},"15":{"start":{"line":92,"column":4},"end":{"line":92,"column":null}},"16":{"start":{"line":93,"column":4},"end":{"line":107,"column":null}},"17":{"start":{"line":94,"column":6},"end":{"line":107,"column":null}},"18":{"start":{"line":95,"column":22},"end":{"line":95,"column":47}},"19":{"start":{"line":96,"column":8},"end":{"line":100,"column":null}},"20":{"start":{"line":103,"column":8},"end":{"line":107,"column":null}},"21":{"start":{"line":112,"column":28},"end":{"line":112,"column":30}},"22":{"start":{"line":113,"column":4},"end":{"line":123,"column":null}},"23":{"start":{"line":114,"column":6},"end":{"line":123,"column":null}},"24":{"start":{"line":115,"column":8},"end":{"line":115,"column":null}},"25":{"start":{"line":116,"column":8},"end":{"line":116,"column":null}},"26":{"start":{"line":117,"column":8},"end":{"line":117,"column":null}},"27":{"start":{"line":120,"column":8},"end":{"line":120,"column":null}},"28":{"start":{"line":121,"column":8},"end":{"line":123,"column":null}},"29":{"start":{"line":127,"column":20},"end":{"line":127,"column":null}},"30":{"start":{"line":127,"column":47},"end":{"line":127,"column":57}},"31":{"start":{"line":128,"column":4},"end":{"line":128,"column":null}},"32":{"start":{"line":129,"column":4},"end":{"line":129,"column":null}},"33":{"start":{"line":136,"column":21},"end":{"line":136,"column":null}},"34":{"start":{"line":138,"column":4},"end":{"line":149,"column":null}},"35":{"start":{"line":139,"column":6},"end":{"line":149,"column":null}},"36":{"start":{"line":140,"column":8},"end":{"line":146,"column":null}},"37":{"start":{"line":142,"column":29},"end":{"line":142,"column":null}},"38":{"start":{"line":143,"column":10},"end":{"line":143,"column":null}},"39":{"start":{"line":146,"column":10},"end":{"line":146,"column":null}},"40":{"start":{"line":148,"column":8},"end":{"line":148,"column":null}},"41":{"start":{"line":154,"column":4},"end":{"line":154,"column":null}},"42":{"start":{"line":155,"column":4},"end":{"line":155,"column":null}},"43":{"start":{"line":162,"column":4},"end":{"line":162,"column":null}},"44":{"start":{"line":163,"column":4},"end":{"line":163,"column":null}},"45":{"start":{"line":170,"column":4},"end":{"line":170,"column":null}},"46":{"start":{"line":177,"column":4},"end":{"line":181,"column":null}},"47":{"start":{"line":177,"column":36},"end":{"line":181,"column":7}},"48":{"start":{"line":192,"column":16},"end":{"line":192,"column":42}},"49":{"start":{"line":194,"column":2},"end":{"line":195,"column":null}},"50":{"start":{"line":195,"column":4},"end":{"line":195,"column":null}},"51":{"start":{"line":198,"column":2},"end":{"line":198,"column":null}}},"fnMap":{"0":{"name":"(anonymous_0)","decl":{"start":{"line":41,"column":2},"end":{"line":41,"column":14}},"loc":{"start":{"line":41,"column":43},"end":{"line":42,"column":null}},"line":41},"1":{"name":"(anonymous_1)","decl":{"start":{"line":48,"column":8},"end":{"line":48,"column":18}},"loc":{"start":{"line":48,"column":57},"end":{"line":80,"column":null}},"line":48},"2":{"name":"(anonymous_2)","decl":{"start":{"line":86,"column":8},"end":{"line":86,"column":66}},"loc":{"start":{"line":86,"column":66},"end":{"line":129,"column":null}},"line":86},"3":{"name":"(anonymous_3)","decl":{"start":{"line":127,"column":35},"end":{"line":127,"column":42}},"loc":{"start":{"line":127,"column":47},"end":{"line":127,"column":57}},"line":127},"4":{"name":"(anonymous_4)","decl":{"start":{"line":135,"column":8},"end":{"line":135,"column":52}},"loc":{"start":{"line":135,"column":52},"end":{"line":155,"column":null}},"line":135},"5":{"name":"(anonymous_5)","decl":{"start":{"line":161,"column":2},"end":{"line":161,"column":16}},"loc":{"start":{"line":161,"column":16},"end":{"line":163,"column":null}},"line":161},"6":{"name":"(anonymous_6)","decl":{"start":{"line":169,"column":6},"end":{"line":169,"column":23}},"loc":{"start":{"line":169,"column":23},"end":{"line":170,"column":null}},"line":169},"7":{"name":"(anonymous_7)","decl":{"start":{"line":176,"column":2},"end":{"line":176,"column":77}},"loc":{"start":{"line":176,"column":77},"end":{"line":181,"column":null}},"line":176},"8":{"name":"(anonymous_8)","decl":{"start":{"line":177,"column":26},"end":{"line":177,"column":30}},"loc":{"start":{"line":177,"column":36},"end":{"line":181,"column":7}},"line":177},"9":{"name":"applyMutations","decl":{"start":{"line":188,"column":22},"end":{"line":188,"column":null}},"loc":{"start":{"line":191,"column":49},"end":{"line":198,"column":null}},"line":191}},"branchMap":{"0":{"loc":{"start":{"line":41,"column":14},"end":{"line":41,"column":41}},"type":"default-arg","locations":[{"start":{"line":41,"column":28},"end":{"line":41,"column":41}}],"line":41},"1":{"loc":{"start":{"line":64,"column":4},"end":{"line":68,"column":null}},"type":"if","locations":[{"start":{"line":64,"column":4},"end":{"line":68,"column":null}},{"start":{},"end":{}}],"line":64},"2":{"loc":{"start":{"line":64,"column":8},"end":{"line":64,"column":53}},"type":"binary-expr","locations":[{"start":{"line":64,"column":8},"end":{"line":64,"column":24}},{"start":{"line":64,"column":24},"end":{"line":64,"column":53}}],"line":64},"3":{"loc":{"start":{"line":71,"column":23},"end":{"line":73,"column":null}},"type":"cond-expr","locations":[{"start":{"line":72,"column":8},"end":{"line":72,"column":111}},{"start":{"line":73,"column":8},"end":{"line":73,"column":null}}],"line":71},"4":{"loc":{"start":{"line":87,"column":4},"end":{"line":88,"column":null}},"type":"if","locations":[{"start":{"line":87,"column":4},"end":{"line":88,"column":null}},{"start":{},"end":{}}],"line":87},"5":{"loc":{"start":{"line":122,"column":53},"end":{"line":122,"column":107}},"type":"cond-expr","locations":[{"start":{"line":122,"column":78},"end":{"line":122,"column":94}},{"start":{"line":122,"column":94},"end":{"line":122,"column":107}}],"line":122},"6":{"loc":{"start":{"line":140,"column":8},"end":{"line":146,"column":null}},"type":"if","locations":[{"start":{"line":140,"column":8},"end":{"line":146,"column":null}},{"start":{"line":144,"column":15},"end":{"line":146,"column":null}}],"line":140},"7":{"loc":{"start":{"line":190,"column":2},"end":{"line":190,"column":29}},"type":"default-arg","locations":[{"start":{"line":190,"column":16},"end":{"line":190,"column":29}}],"line":190}},"s":{"0":22,"1":22,"2":22,"3":12,"4":12,"5":12,"6":0,"7":12,"8":12,"9":12,"10":1,"11":11,"12":12,"13":3,"14":1,"15":2,"16":2,"17":5,"18":5,"19":5,"20":0,"21":2,"22":2,"23":5,"24":5,"25":5,"26":5,"27":0,"28":0,"29":2,"30":5,"31":2,"32":2,"33":6,"34":6,"35":6,"36":6,"37":2,"38":2,"39":4,"40":6,"41":6,"42":6,"43":9,"44":9,"45":3,"46":1,"47":1,"48":0,"49":0,"50":0,"51":0},"f":{"0":22,"1":12,"2":3,"3":5,"4":6,"5":9,"6":3,"7":1,"8":1,"9":0},"b":{"0":[22],"1":[1,11],"2":[12,1],"3":[10,1],"4":[1,2],"5":[0,0],"6":[2,4],"7":[0]},"meta":{"lastBranch":8,"lastFunction":10,"lastStatement":52,"seen":{"s:37:40:37:42":0,"s:38:34:38:36":1,"f:41:2:41:14":0,"b:41:28:41:41":0,"s:42:4:42:Infinity":2,"f:48:8:48:18":1,"s:49:25:49:57":3,"s:53:4:57:Infinity":4,"s:54:6:54:Infinity":5,"s:57:6:57:Infinity":6,"s:61:26:61:59":7,"s:62:18:62:57":8,"b:64:4:68:Infinity:undefined:undefined:undefined:undefined":1,"s:64:4:68:Infinity":9,"b:64:8:64:24:64:24:64:53":2,"s:65:6:68:Infinity":10,"s:71:23:73:Infinity":11,"b:72:8:72:111:73:8:73:Infinity":3,"s:75:4:80:Infinity":12,"f:86:8:86:66":2,"b:87:4:88:Infinity:undefined:undefined:undefined:undefined":4,"s:87:4:88:Infinity":13,"s:88:6:88:Infinity":14,"s:92:4:92:Infinity":15,"s:93:4:107:Infinity":16,"s:94:6:107:Infinity":17,"s:95:22:95:47":18,"s:96:8:100:Infinity":19,"s:103:8:107:Infinity":20,"s:112:28:112:30":21,"s:113:4:123:Infinity":22,"s:114:6:123:Infinity":23,"s:115:8:115:Infinity":24,"s:116:8:116:Infinity":25,"s:117:8:117:Infinity":26,"s:120:8:120:Infinity":27,"s:121:8:123:Infinity":28,"b:122:78:122:94:122:94:122:107":5,"s:127:20:127:Infinity":29,"f:127:35:127:42":3,"s:127:47:127:57":30,"s:128:4:128:Infinity":31,"s:129:4:129:Infinity":32,"f:135:8:135:52":4,"s:136:21:136:Infinity":33,"s:138:4:149:Infinity":34,"s:139:6:149:Infinity":35,"b:140:8:146:Infinity:144:15:146:Infinity":6,"s:140:8:146:Infinity":36,"s:142:29:142:Infinity":37,"s:143:10:143:Infinity":38,"s:146:10:146:Infinity":39,"s:148:8:148:Infinity":40,"s:154:4:154:Infinity":41,"s:155:4:155:Infinity":42,"f:161:2:161:16":5,"s:162:4:162:Infinity":43,"s:163:4:163:Infinity":44,"f:169:6:169:23":6,"s:170:4:170:Infinity":45,"f:176:2:176:77":7,"s:177:4:181:Infinity":46,"f:177:26:177:30":8,"s:177:36:181:7":47,"f:188:22:188:Infinity":9,"b:190:16:190:29":7,"s:192:16:192:42":48,"s:194:2:195:Infinity":49,"s:195:4:195:Infinity":50,"s:198:2:198:Infinity":51}}},"/home/quangtynu/Qcoder/picro/src/tools/edit.js":{"path":"/home/quangtynu/Qcoder/picro/src/tools/edit.js","statementMap":{"0":{"start":{"line":1,"column":19},"end":{"line":1,"column":54}},"1":{"start":{"line":1,"column":77},"end":{"line":1,"column":114}},"2":{"start":{"line":1,"column":138},"end":{"line":1,"column":176}},"3":{"start":{"line":13,"column":4},"end":{"line":52,"column":null}},"4":{"start":{"line":18,"column":77},"end":{"line":18,"column":82}},"5":{"start":{"line":20,"column":32},"end":{"line":20,"column":60}},"6":{"start":{"line":22,"column":12},"end":{"line":24,"column":null}},"7":{"start":{"line":23,"column":16},"end":{"line":23,"column":null}},"8":{"start":{"line":25,"column":12},"end":{"line":27,"column":null}},"9":{"start":{"line":26,"column":16},"end":{"line":26,"column":null}},"10":{"start":{"line":28,"column":29},"end":{"line":28,"column":63}},"11":{"start":{"line":29,"column":26},"end":{"line":29,"column":53}},"12":{"start":{"line":30,"column":12},"end":{"line":36,"column":null}},"13":{"start":{"line":31,"column":16},"end":{"line":35,"column":null}},"14":{"start":{"line":37,"column":29},"end":{"line":37,"column":67}},"15":{"start":{"line":38,"column":12},"end":{"line":44,"column":null}},"16":{"start":{"line":39,"column":16},"end":{"line":43,"column":null}},"17":{"start":{"line":45,"column":12},"end":{"line":45,"column":null}},"18":{"start":{"line":46,"column":12},"end":{"line":50,"column":null}}},"fnMap":{"0":{"name":"createEditToolDefinition","decl":{"start":{"line":12,"column":16},"end":{"line":12,"column":40}},"loc":{"start":{"line":12,"column":46},"end":{"line":53,"column":null}},"line":12},"1":{"name":"(anonymous_1)","decl":{"start":{"line":17,"column":14},"end":{"line":17,"column":21}},"loc":{"start":{"line":17,"column":29},"end":{"line":51,"column":9}},"line":17}},"branchMap":{"0":{"loc":{"start":{"line":18,"column":58},"end":{"line":18,"column":72}},"type":"default-arg","locations":[{"start":{"line":18,"column":67},"end":{"line":18,"column":72}}],"line":18},"1":{"loc":{"start":{"line":22,"column":12},"end":{"line":24,"column":null}},"type":"if","locations":[{"start":{"line":22,"column":12},"end":{"line":24,"column":null}},{"start":{},"end":{}}],"line":22},"2":{"loc":{"start":{"line":25,"column":12},"end":{"line":27,"column":null}},"type":"if","locations":[{"start":{"line":25,"column":12},"end":{"line":27,"column":null}},{"start":{},"end":{}}],"line":25},"3":{"loc":{"start":{"line":30,"column":12},"end":{"line":36,"column":null}},"type":"if","locations":[{"start":{"line":30,"column":12},"end":{"line":36,"column":null}},{"start":{},"end":{}}],"line":30},"4":{"loc":{"start":{"line":38,"column":12},"end":{"line":44,"column":null}},"type":"if","locations":[{"start":{"line":38,"column":12},"end":{"line":44,"column":null}},{"start":{},"end":{}}],"line":38}},"s":{"0":5,"1":5,"2":5,"3":6,"4":4,"5":4,"6":4,"7":1,"8":3,"9":0,"10":3,"11":3,"12":3,"13":1,"14":2,"15":2,"16":1,"17":1,"18":1},"f":{"0":6,"1":4},"b":{"0":[4],"1":[1,3],"2":[0,3],"3":[1,2],"4":[1,1]},"meta":{"lastBranch":5,"lastFunction":2,"lastStatement":19,"seen":{"s:1:19:1:54":0,"s:1:77:1:114":1,"s:1:138:1:176":2,"f:12:16:12:40":0,"s:13:4:52:Infinity":3,"f:17:14:17:21":1,"s:18:77:18:82":4,"b:18:67:18:72":0,"s:20:32:20:60":5,"b:22:12:24:Infinity:undefined:undefined:undefined:undefined":1,"s:22:12:24:Infinity":6,"s:23:16:23:Infinity":7,"b:25:12:27:Infinity:undefined:undefined:undefined:undefined":2,"s:25:12:27:Infinity":8,"s:26:16:26:Infinity":9,"s:28:29:28:63":10,"s:29:26:29:53":11,"b:30:12:36:Infinity:undefined:undefined:undefined:undefined":3,"s:30:12:36:Infinity":12,"s:31:16:35:Infinity":13,"s:37:29:37:67":14,"b:38:12:44:Infinity:undefined:undefined:undefined:undefined":4,"s:38:12:44:Infinity":15,"s:39:16:43:Infinity":16,"s:45:12:45:Infinity":17,"s:46:12:50:Infinity":18}}},"/home/quangtynu/Qcoder/picro/src/tools/path-utils.js":{"path":"/home/quangtynu/Qcoder/picro/src/tools/path-utils.js","statementMap":{"0":{"start":{"line":1,"column":19},"end":{"line":1,"column":59}},"1":{"start":{"line":1,"column":79},"end":{"line":1,"column":118}},"2":{"start":{"line":1,"column":138},"end":{"line":1,"column":180}},"3":{"start":{"line":1,"column":202},"end":{"line":1,"column":241}},"4":{"start":{"line":15,"column":23},"end":{"line":15,"column":65}},"5":{"start":{"line":16,"column":30},"end":{"line":16,"column":38}},"6":{"start":{"line":18,"column":4},"end":{"line":18,"column":null}},"7":{"start":{"line":21,"column":4},"end":{"line":21,"column":null}},"8":{"start":{"line":27,"column":23},"end":{"line":27,"column":74}},"9":{"start":{"line":28,"column":4},"end":{"line":30,"column":null}},"10":{"start":{"line":29,"column":8},"end":{"line":29,"column":null}},"11":{"start":{"line":31,"column":4},"end":{"line":33,"column":null}},"12":{"start":{"line":32,"column":8},"end":{"line":32,"column":null}},"13":{"start":{"line":34,"column":4},"end":{"line":34,"column":null}},"14":{"start":{"line":40,"column":4},"end":{"line":46,"column":null}},"15":{"start":{"line":41,"column":8},"end":{"line":41,"column":null}},"16":{"start":{"line":42,"column":8},"end":{"line":42,"column":null}},"17":{"start":{"line":45,"column":8},"end":{"line":45,"column":null}},"18":{"start":{"line":54,"column":21},"end":{"line":54,"column":41}},"19":{"start":{"line":55,"column":4},"end":{"line":57,"column":null}},"20":{"start":{"line":56,"column":8},"end":{"line":56,"column":null}},"21":{"start":{"line":58,"column":4},"end":{"line":58,"column":null}},"22":{"start":{"line":64,"column":4},"end":{"line":64,"column":null}},"23":{"start":{"line":67,"column":4},"end":{"line":67,"column":null}},"24":{"start":{"line":70,"column":4},"end":{"line":70,"column":null}},"25":{"start":{"line":84,"column":21},"end":{"line":84,"column":48}},"26":{"start":{"line":85,"column":4},"end":{"line":87,"column":null}},"27":{"start":{"line":86,"column":8},"end":{"line":86,"column":null}},"28":{"start":{"line":89,"column":24},"end":{"line":89,"column":56}},"29":{"start":{"line":90,"column":4},"end":{"line":92,"column":null}},"30":{"start":{"line":91,"column":8},"end":{"line":91,"column":null}},"31":{"start":{"line":94,"column":23},"end":{"line":94,"column":46}},"32":{"start":{"line":95,"column":4},"end":{"line":97,"column":null}},"33":{"start":{"line":96,"column":8},"end":{"line":96,"column":null}},"34":{"start":{"line":99,"column":25},"end":{"line":99,"column":55}},"35":{"start":{"line":100,"column":4},"end":{"line":102,"column":null}},"36":{"start":{"line":101,"column":8},"end":{"line":101,"column":null}},"37":{"start":{"line":104,"column":28},"end":{"line":104,"column":60}},"38":{"start":{"line":105,"column":4},"end":{"line":107,"column":null}},"39":{"start":{"line":106,"column":8},"end":{"line":106,"column":null}},"40":{"start":{"line":108,"column":4},"end":{"line":108,"column":null}},"41":{"start":{"line":115,"column":31},"end":{"line":115,"column":56}},"42":{"start":{"line":116,"column":27},"end":{"line":116,"column":47}},"43":{"start":{"line":118,"column":4},"end":{"line":118,"column":null}}},"fnMap":{"0":{"name":"normalizeUnicodeSpaces","decl":{"start":{"line":17,"column":9},"end":{"line":17,"column":31}},"loc":{"start":{"line":17,"column":37},"end":{"line":19,"column":null}},"line":17},"1":{"name":"normalizeAtPrefix","decl":{"start":{"line":20,"column":9},"end":{"line":20,"column":26}},"loc":{"start":{"line":20,"column":37},"end":{"line":22,"column":null}},"line":20},"2":{"name":"expandPath","decl":{"start":{"line":26,"column":16},"end":{"line":26,"column":26}},"loc":{"start":{"line":26,"column":37},"end":{"line":35,"column":null}},"line":26},"3":{"name":"fileExists","decl":{"start":{"line":39,"column":9},"end":{"line":39,"column":19}},"loc":{"start":{"line":39,"column":30},"end":{"line":47,"column":null}},"line":39},"4":{"name":"resolveToCwd","decl":{"start":{"line":53,"column":16},"end":{"line":53,"column":28}},"loc":{"start":{"line":53,"column":44},"end":{"line":59,"column":null}},"line":53},"5":{"name":"tryMacOSScreenshotPath","decl":{"start":{"line":63,"column":9},"end":{"line":63,"column":31}},"loc":{"start":{"line":63,"column":42},"end":{"line":65,"column":null}},"line":63},"6":{"name":"tryNFDVariant","decl":{"start":{"line":66,"column":9},"end":{"line":66,"column":22}},"loc":{"start":{"line":66,"column":33},"end":{"line":68,"column":null}},"line":66},"7":{"name":"tryCurlyQuoteVariant","decl":{"start":{"line":69,"column":9},"end":{"line":69,"column":29}},"loc":{"start":{"line":69,"column":40},"end":{"line":71,"column":null}},"line":69},"8":{"name":"resolveReadPath","decl":{"start":{"line":83,"column":16},"end":{"line":83,"column":31}},"loc":{"start":{"line":83,"column":47},"end":{"line":109,"column":null}},"line":83},"9":{"name":"validatePathWithinBase","decl":{"start":{"line":114,"column":16},"end":{"line":114,"column":38}},"loc":{"start":{"line":114,"column":62},"end":{"line":119,"column":null}},"line":114}},"branchMap":{"0":{"loc":{"start":{"line":21,"column":11},"end":{"line":21,"column":66}},"type":"cond-expr","locations":[{"start":{"line":21,"column":38},"end":{"line":21,"column":55}},{"start":{"line":21,"column":58},"end":{"line":21,"column":66}}],"line":21},"1":{"loc":{"start":{"line":28,"column":4},"end":{"line":30,"column":null}},"type":"if","locations":[{"start":{"line":28,"column":4},"end":{"line":30,"column":null}},{"start":{},"end":{}}],"line":28},"2":{"loc":{"start":{"line":31,"column":4},"end":{"line":33,"column":null}},"type":"if","locations":[{"start":{"line":31,"column":4},"end":{"line":33,"column":null}},{"start":{},"end":{}}],"line":31},"3":{"loc":{"start":{"line":55,"column":4},"end":{"line":57,"column":null}},"type":"if","locations":[{"start":{"line":55,"column":4},"end":{"line":57,"column":null}},{"start":{},"end":{}}],"line":55},"4":{"loc":{"start":{"line":85,"column":4},"end":{"line":87,"column":null}},"type":"if","locations":[{"start":{"line":85,"column":4},"end":{"line":87,"column":null}},{"start":{},"end":{}}],"line":85},"5":{"loc":{"start":{"line":90,"column":4},"end":{"line":92,"column":null}},"type":"if","locations":[{"start":{"line":90,"column":4},"end":{"line":92,"column":null}},{"start":{},"end":{}}],"line":90},"6":{"loc":{"start":{"line":90,"column":8},"end":{"line":90,"column":59}},"type":"binary-expr","locations":[{"start":{"line":90,"column":8},"end":{"line":90,"column":32}},{"start":{"line":90,"column":36},"end":{"line":90,"column":59}}],"line":90},"7":{"loc":{"start":{"line":95,"column":4},"end":{"line":97,"column":null}},"type":"if","locations":[{"start":{"line":95,"column":4},"end":{"line":97,"column":null}},{"start":{},"end":{}}],"line":95},"8":{"loc":{"start":{"line":95,"column":8},"end":{"line":95,"column":57}},"type":"binary-expr","locations":[{"start":{"line":95,"column":8},"end":{"line":95,"column":31}},{"start":{"line":95,"column":35},"end":{"line":95,"column":57}}],"line":95},"9":{"loc":{"start":{"line":100,"column":4},"end":{"line":102,"column":null}},"type":"if","locations":[{"start":{"line":100,"column":4},"end":{"line":102,"column":null}},{"start":{},"end":{}}],"line":100},"10":{"loc":{"start":{"line":100,"column":8},"end":{"line":100,"column":61}},"type":"binary-expr","locations":[{"start":{"line":100,"column":8},"end":{"line":100,"column":33}},{"start":{"line":100,"column":37},"end":{"line":100,"column":61}}],"line":100},"11":{"loc":{"start":{"line":105,"column":4},"end":{"line":107,"column":null}},"type":"if","locations":[{"start":{"line":105,"column":4},"end":{"line":107,"column":null}},{"start":{},"end":{}}],"line":105},"12":{"loc":{"start":{"line":105,"column":8},"end":{"line":105,"column":67}},"type":"binary-expr","locations":[{"start":{"line":105,"column":8},"end":{"line":105,"column":36}},{"start":{"line":105,"column":40},"end":{"line":105,"column":67}}],"line":105},"13":{"loc":{"start":{"line":118,"column":11},"end":{"line":118,"column":103}},"type":"binary-expr","locations":[{"start":{"line":118,"column":11},"end":{"line":118,"column":48}},{"start":{"line":118,"column":52},"end":{"line":118,"column":103}}],"line":118}},"s":{"0":8,"1":8,"2":8,"3":8,"4":8,"5":8,"6":48,"7":48,"8":48,"9":48,"10":1,"11":47,"12":3,"13":44,"14":29,"15":29,"16":29,"17":9,"18":41,"19":41,"20":14,"21":27,"22":7,"23":6,"24":9,"25":23,"26":23,"27":16,"28":7,"29":7,"30":1,"31":6,"32":6,"33":1,"34":5,"35":5,"36":1,"37":4,"38":4,"39":1,"40":3,"41":28,"42":28,"43":28},"f":{"0":48,"1":48,"2":48,"3":29,"4":41,"5":7,"6":6,"7":9,"8":23,"9":28},"b":{"0":[1,47],"1":[1,47],"2":[3,44],"3":[14,27],"4":[16,7],"5":[1,6],"6":[7,1],"7":[1,5],"8":[6,2],"9":[1,4],"10":[5,2],"11":[1,3],"12":[4,1],"13":[28,25]},"meta":{"lastBranch":14,"lastFunction":10,"lastStatement":44,"seen":{"s:1:19:1:59":0,"s:1:79:1:118":1,"s:1:138:1:180":2,"s:1:202:1:241":3,"s:15:23:15:65":4,"s:16:30:16:38":5,"f:17:9:17:31":0,"s:18:4:18:Infinity":6,"f:20:9:20:26":1,"s:21:4:21:Infinity":7,"b:21:38:21:55:21:58:21:66":0,"f:26:16:26:26":2,"s:27:23:27:74":8,"b:28:4:30:Infinity:undefined:undefined:undefined:undefined":1,"s:28:4:30:Infinity":9,"s:29:8:29:Infinity":10,"b:31:4:33:Infinity:undefined:undefined:undefined:undefined":2,"s:31:4:33:Infinity":11,"s:32:8:32:Infinity":12,"s:34:4:34:Infinity":13,"f:39:9:39:19":3,"s:40:4:46:Infinity":14,"s:41:8:41:Infinity":15,"s:42:8:42:Infinity":16,"s:45:8:45:Infinity":17,"f:53:16:53:28":4,"s:54:21:54:41":18,"b:55:4:57:Infinity:undefined:undefined:undefined:undefined":3,"s:55:4:57:Infinity":19,"s:56:8:56:Infinity":20,"s:58:4:58:Infinity":21,"f:63:9:63:31":5,"s:64:4:64:Infinity":22,"f:66:9:66:22":6,"s:67:4:67:Infinity":23,"f:69:9:69:29":7,"s:70:4:70:Infinity":24,"f:83:16:83:31":8,"s:84:21:84:48":25,"b:85:4:87:Infinity:undefined:undefined:undefined:undefined":4,"s:85:4:87:Infinity":26,"s:86:8:86:Infinity":27,"s:89:24:89:56":28,"b:90:4:92:Infinity:undefined:undefined:undefined:undefined":5,"s:90:4:92:Infinity":29,"b:90:8:90:32:90:36:90:59":6,"s:91:8:91:Infinity":30,"s:94:23:94:46":31,"b:95:4:97:Infinity:undefined:undefined:undefined:undefined":7,"s:95:4:97:Infinity":32,"b:95:8:95:31:95:35:95:57":8,"s:96:8:96:Infinity":33,"s:99:25:99:55":34,"b:100:4:102:Infinity:undefined:undefined:undefined:undefined":9,"s:100:4:102:Infinity":35,"b:100:8:100:33:100:37:100:61":10,"s:101:8:101:Infinity":36,"s:104:28:104:60":37,"b:105:4:107:Infinity:undefined:undefined:undefined:undefined":11,"s:105:4:107:Infinity":38,"b:105:8:105:36:105:40:105:67":12,"s:106:8:106:Infinity":39,"s:108:4:108:Infinity":40,"f:114:16:114:38":9,"s:115:31:115:56":41,"s:116:27:116:47":42,"s:118:4:118:Infinity":43,"b:118:11:118:48:118:52:118:103":13}}},"/home/quangtynu/Qcoder/picro/src/tools/write.js":{"path":"/home/quangtynu/Qcoder/picro/src/tools/write.js","statementMap":{"0":{"start":{"line":1,"column":19},"end":{"line":1,"column":54}},"1":{"start":{"line":1,"column":74},"end":{"line":1,"column":108}},"2":{"start":{"line":1,"column":132},"end":{"line":1,"column":170}},"3":{"start":{"line":1,"column":187},"end":{"line":1,"column":221}},"4":{"start":{"line":14,"column":4},"end":{"line":39,"column":null}},"5":{"start":{"line":19,"column":83},"end":{"line":19,"column":88}},"6":{"start":{"line":21,"column":32},"end":{"line":21,"column":60}},"7":{"start":{"line":23,"column":12},"end":{"line":25,"column":null}},"8":{"start":{"line":24,"column":16},"end":{"line":24,"column":null}},"9":{"start":{"line":26,"column":12},"end":{"line":31,"column":null}},"10":{"start":{"line":27,"column":28},"end":{"line":27,"column":49}},"11":{"start":{"line":28,"column":16},"end":{"line":30,"column":null}},"12":{"start":{"line":29,"column":20},"end":{"line":29,"column":null}},"13":{"start":{"line":32,"column":12},"end":{"line":32,"column":null}},"14":{"start":{"line":33,"column":12},"end":{"line":37,"column":null}}},"fnMap":{"0":{"name":"createWriteToolDefinition","decl":{"start":{"line":13,"column":16},"end":{"line":13,"column":41}},"loc":{"start":{"line":13,"column":47},"end":{"line":40,"column":null}},"line":13},"1":{"name":"(anonymous_1)","decl":{"start":{"line":18,"column":14},"end":{"line":18,"column":21}},"loc":{"start":{"line":18,"column":29},"end":{"line":38,"column":9}},"line":18}},"branchMap":{"0":{"loc":{"start":{"line":19,"column":45},"end":{"line":19,"column":59}},"type":"default-arg","locations":[{"start":{"line":19,"column":54},"end":{"line":19,"column":59}}],"line":19},"1":{"loc":{"start":{"line":19,"column":61},"end":{"line":19,"column":78}},"type":"default-arg","locations":[{"start":{"line":19,"column":74},"end":{"line":19,"column":78}}],"line":19},"2":{"loc":{"start":{"line":23,"column":12},"end":{"line":25,"column":null}},"type":"if","locations":[{"start":{"line":23,"column":12},"end":{"line":25,"column":null}},{"start":{},"end":{}}],"line":23},"3":{"loc":{"start":{"line":26,"column":12},"end":{"line":31,"column":null}},"type":"if","locations":[{"start":{"line":26,"column":12},"end":{"line":31,"column":null}},{"start":{},"end":{}}],"line":26},"4":{"loc":{"start":{"line":28,"column":16},"end":{"line":30,"column":null}},"type":"if","locations":[{"start":{"line":28,"column":16},"end":{"line":30,"column":null}},{"start":{},"end":{}}],"line":28},"5":{"loc":{"start":{"line":32,"column":49},"end":{"line":32,"column":87}},"type":"cond-expr","locations":[{"start":{"line":32,"column":58},"end":{"line":32,"column":71}},{"start":{"line":32,"column":74},"end":{"line":32,"column":87}}],"line":32}},"s":{"0":5,"1":5,"2":5,"3":5,"4":7,"5":5,"6":5,"7":5,"8":2,"9":3,"10":3,"11":3,"12":1,"13":3,"14":5},"f":{"0":7,"1":5},"b":{"0":[5],"1":[5],"2":[2,3],"3":[3,0],"4":[1,2],"5":[1,2]},"meta":{"lastBranch":6,"lastFunction":2,"lastStatement":15,"seen":{"s:1:19:1:54":0,"s:1:74:1:108":1,"s:1:132:1:170":2,"s:1:187:1:221":3,"f:13:16:13:41":0,"s:14:4:39:Infinity":4,"f:18:14:18:21":1,"s:19:83:19:88":5,"b:19:54:19:59":0,"b:19:74:19:78":1,"s:21:32:21:60":6,"b:23:12:25:Infinity:undefined:undefined:undefined:undefined":2,"s:23:12:25:Infinity":7,"s:24:16:24:Infinity":8,"b:26:12:31:Infinity:undefined:undefined:undefined:undefined":3,"s:26:12:31:Infinity":9,"s:27:28:27:49":10,"b:28:16:30:Infinity:undefined:undefined:undefined:undefined":4,"s:28:16:30:Infinity":11,"s:29:20:29:Infinity":12,"s:32:12:32:Infinity":13,"b:32:58:32:71:32:74:32:87":5,"s:33:12:37:Infinity":14}}},"/home/quangtynu/Qcoder/picro/src/tools/read.js":{"path":"/home/quangtynu/Qcoder/picro/src/tools/read.js","statementMap":{"0":{"start":{"line":1,"column":19},"end":{"line":1,"column":54}},"1":{"start":{"line":1,"column":77},"end":{"line":1,"column":114}},"2":{"start":{"line":13,"column":4},"end":{"line":47,"column":null}},"3":{"start":{"line":18,"column":61},"end":{"line":18,"column":66}},"4":{"start":{"line":20,"column":32},"end":{"line":20,"column":63}},"5":{"start":{"line":22,"column":12},"end":{"line":24,"column":null}},"6":{"start":{"line":23,"column":16},"end":{"line":23,"column":null}},"7":{"start":{"line":25,"column":12},"end":{"line":27,"column":null}},"8":{"start":{"line":26,"column":16},"end":{"line":26,"column":null}},"9":{"start":{"line":28,"column":26},"end":{"line":28,"column":60}},"10":{"start":{"line":29,"column":26},"end":{"line":29,"column":45}},"11":{"start":{"line":31,"column":12},"end":{"line":39,"column":null}},"12":{"start":{"line":32,"column":30},"end":{"line":32,"column":60}},"13":{"start":{"line":33,"column":28},"end":{"line":33,"column":108}},"14":{"start":{"line":34,"column":16},"end":{"line":34,"column":null}},"15":{"start":{"line":35,"column":16},"end":{"line":37,"column":null}},"16":{"start":{"line":36,"column":20},"end":{"line":36,"column":null}},"17":{"start":{"line":38,"column":16},"end":{"line":38,"column":null}},"18":{"start":{"line":40,"column":12},"end":{"line":45,"column":null}}},"fnMap":{"0":{"name":"createReadToolDefinition","decl":{"start":{"line":12,"column":16},"end":{"line":12,"column":40}},"loc":{"start":{"line":12,"column":46},"end":{"line":48,"column":null}},"line":12},"1":{"name":"(anonymous_1)","decl":{"start":{"line":17,"column":14},"end":{"line":17,"column":21}},"loc":{"start":{"line":17,"column":29},"end":{"line":46,"column":9}},"line":17}},"branchMap":{"0":{"loc":{"start":{"line":18,"column":46},"end":{"line":18,"column":56}},"type":"default-arg","locations":[{"start":{"line":18,"column":55},"end":{"line":18,"column":56}}],"line":18},"1":{"loc":{"start":{"line":22,"column":12},"end":{"line":24,"column":null}},"type":"if","locations":[{"start":{"line":22,"column":12},"end":{"line":24,"column":null}},{"start":{},"end":{}}],"line":22},"2":{"loc":{"start":{"line":25,"column":12},"end":{"line":27,"column":null}},"type":"if","locations":[{"start":{"line":25,"column":12},"end":{"line":27,"column":null}},{"start":{},"end":{}}],"line":25},"3":{"loc":{"start":{"line":31,"column":12},"end":{"line":39,"column":null}},"type":"if","locations":[{"start":{"line":31,"column":12},"end":{"line":39,"column":null}},{"start":{},"end":{}}],"line":31},"4":{"loc":{"start":{"line":31,"column":16},"end":{"line":31,"column":52}},"type":"binary-expr","locations":[{"start":{"line":31,"column":16},"end":{"line":31,"column":26}},{"start":{"line":31,"column":30},"end":{"line":31,"column":52}}],"line":31},"5":{"loc":{"start":{"line":33,"column":28},"end":{"line":33,"column":108}},"type":"cond-expr","locations":[{"start":{"line":33,"column":53},"end":{"line":33,"column":93}},{"start":{"line":33,"column":96},"end":{"line":33,"column":108}}],"line":33},"6":{"loc":{"start":{"line":35,"column":16},"end":{"line":37,"column":null}},"type":"if","locations":[{"start":{"line":35,"column":16},"end":{"line":37,"column":null}},{"start":{},"end":{}}],"line":35}},"s":{"0":5,"1":5,"2":10,"3":8,"4":8,"5":8,"6":3,"7":5,"8":1,"9":4,"10":4,"11":4,"12":2,"13":2,"14":2,"15":2,"16":1,"17":2,"18":4},"f":{"0":10,"1":8},"b":{"0":[8],"1":[3,5],"2":[1,4],"3":[2,2],"4":[4,3],"5":[2,0],"6":[1,1]},"meta":{"lastBranch":7,"lastFunction":2,"lastStatement":19,"seen":{"s:1:19:1:54":0,"s:1:77:1:114":1,"f:12:16:12:40":0,"s:13:4:47:Infinity":2,"f:17:14:17:21":1,"s:18:61:18:66":3,"b:18:55:18:56":0,"s:20:32:20:63":4,"b:22:12:24:Infinity:undefined:undefined:undefined:undefined":1,"s:22:12:24:Infinity":5,"s:23:16:23:Infinity":6,"b:25:12:27:Infinity:undefined:undefined:undefined:undefined":2,"s:25:12:27:Infinity":7,"s:26:16:26:Infinity":8,"s:28:26:28:60":9,"s:29:26:29:45":10,"b:31:12:39:Infinity:undefined:undefined:undefined:undefined":3,"s:31:12:39:Infinity":11,"b:31:16:31:26:31:30:31:52":4,"s:32:30:32:60":12,"s:33:28:33:108":13,"b:33:53:33:93:33:96:33:108":5,"s:34:16:34:Infinity":14,"b:35:16:37:Infinity:undefined:undefined:undefined:undefined":6,"s:35:16:37:Infinity":15,"s:36:20:36:Infinity":16,"s:38:16:38:Infinity":17,"s:40:12:45:Infinity":18}}},"/home/quangtynu/Qcoder/picro/src/tools/truncate.ts":{"path":"/home/quangtynu/Qcoder/picro/src/tools/truncate.ts","statementMap":{"0":{"start":{"line":16,"column":33},"end":{"line":16,"column":null}},"1":{"start":{"line":17,"column":33},"end":{"line":17,"column":null}},"2":{"start":{"line":23,"column":2},"end":{"line":23,"column":null}},"3":{"start":{"line":23,"column":31},"end":{"line":23,"column":null}},"4":{"start":{"line":24,"column":24},"end":{"line":24,"column":59}},"5":{"start":{"line":25,"column":2},"end":{"line":25,"column":null}},"6":{"start":{"line":25,"column":33},"end":{"line":25,"column":null}},"7":{"start":{"line":26,"column":20},"end":{"line":26,"column":null}},"8":{"start":{"line":28,"column":13},"end":{"line":28,"column":null}},"9":{"start":{"line":29,"column":14},"end":{"line":29,"column":null}},"10":{"start":{"line":30,"column":2},"end":{"line":34,"column":null}},"11":{"start":{"line":30,"column":15},"end":{"line":30,"column":32}},"12":{"start":{"line":31,"column":22},"end":{"line":31,"column":56}},"13":{"start":{"line":32,"column":4},"end":{"line":32,"column":null}},"14":{"start":{"line":32,"column":39},"end":{"line":32,"column":null}},"15":{"start":{"line":33,"column":4},"end":{"line":33,"column":null}},"16":{"start":{"line":34,"column":4},"end":{"line":34,"column":null}},"17":{"start":{"line":36,"column":2},"end":{"line":36,"column":null}},"18":{"start":{"line":43,"column":2},"end":{"line":43,"column":null}},"19":{"start":{"line":43,"column":31},"end":{"line":43,"column":null}},"20":{"start":{"line":44,"column":24},"end":{"line":44,"column":59}},"21":{"start":{"line":45,"column":2},"end":{"line":45,"column":null}},"22":{"start":{"line":45,"column":33},"end":{"line":45,"column":null}},"23":{"start":{"line":46,"column":20},"end":{"line":46,"column":null}},"24":{"start":{"line":47,"column":13},"end":{"line":47,"column":null}},"25":{"start":{"line":48,"column":14},"end":{"line":48,"column":null}},"26":{"start":{"line":49,"column":2},"end":{"line":53,"column":null}},"27":{"start":{"line":49,"column":15},"end":{"line":49,"column":18}},"28":{"start":{"line":50,"column":22},"end":{"line":50,"column":56}},"29":{"start":{"line":51,"column":4},"end":{"line":51,"column":null}},"30":{"start":{"line":51,"column":39},"end":{"line":51,"column":null}},"31":{"start":{"line":52,"column":4},"end":{"line":52,"column":null}},"32":{"start":{"line":53,"column":4},"end":{"line":53,"column":null}},"33":{"start":{"line":55,"column":2},"end":{"line":55,"column":null}},"34":{"start":{"line":62,"column":16},"end":{"line":62,"column":32}},"35":{"start":{"line":63,"column":2},"end":{"line":63,"column":null}},"36":{"start":{"line":63,"column":32},"end":{"line":63,"column":null}},"37":{"start":{"line":64,"column":2},"end":{"line":64,"column":null}},"38":{"start":{"line":76,"column":23},"end":{"line":76,"column":null}},"39":{"start":{"line":77,"column":16},"end":{"line":77,"column":32}},"40":{"start":{"line":78,"column":24},"end":{"line":78,"column":null}},"41":{"start":{"line":80,"column":15},"end":{"line":80,"column":null}},"42":{"start":{"line":81,"column":18},"end":{"line":81,"column":null}},"43":{"start":{"line":82,"column":44},"end":{"line":82,"column":null}},"44":{"start":{"line":85,"column":2},"end":{"line":88,"column":null}},"45":{"start":{"line":86,"column":4},"end":{"line":86,"column":null}},"46":{"start":{"line":87,"column":4},"end":{"line":87,"column":null}},"47":{"start":{"line":88,"column":4},"end":{"line":88,"column":null}},"48":{"start":{"line":92,"column":2},"end":{"line":95,"column":null}},"49":{"start":{"line":93,"column":4},"end":{"line":93,"column":null}},"50":{"start":{"line":94,"column":4},"end":{"line":94,"column":null}},"51":{"start":{"line":95,"column":4},"end":{"line":95,"column":null}},"52":{"start":{"line":98,"column":2},"end":{"line":103,"column":null}}},"fnMap":{"0":{"name":"truncateHead","decl":{"start":{"line":22,"column":16},"end":{"line":22,"column":29}},"loc":{"start":{"line":22,"column":109},"end":{"line":36,"column":null}},"line":22},"1":{"name":"truncateTail","decl":{"start":{"line":42,"column":16},"end":{"line":42,"column":29}},"loc":{"start":{"line":42,"column":99},"end":{"line":55,"column":null}},"line":42},"2":{"name":"truncateLines","decl":{"start":{"line":61,"column":16},"end":{"line":61,"column":30}},"loc":{"start":{"line":61,"column":101},"end":{"line":64,"column":null}},"line":61},"3":{"name":"truncateOutput","decl":{"start":{"line":70,"column":16},"end":{"line":70,"column":null}},"loc":{"start":{"line":75,"column":20},"end":{"line":103,"column":null}},"line":75}},"branchMap":{"0":{"loc":{"start":{"line":22,"column":61},"end":{"line":22,"column":109}},"type":"default-arg","locations":[{"start":{"line":22,"column":72},"end":{"line":22,"column":109}}],"line":22},"1":{"loc":{"start":{"line":23,"column":2},"end":{"line":23,"column":null}},"type":"if","locations":[{"start":{"line":23,"column":2},"end":{"line":23,"column":null}},{"start":{},"end":{}}],"line":23},"2":{"loc":{"start":{"line":25,"column":2},"end":{"line":25,"column":null}},"type":"if","locations":[{"start":{"line":25,"column":2},"end":{"line":25,"column":null}},{"start":{},"end":{}}],"line":25},"3":{"loc":{"start":{"line":32,"column":4},"end":{"line":32,"column":null}},"type":"if","locations":[{"start":{"line":32,"column":4},"end":{"line":32,"column":null}},{"start":{},"end":{}}],"line":32},"4":{"loc":{"start":{"line":42,"column":61},"end":{"line":42,"column":99}},"type":"default-arg","locations":[{"start":{"line":42,"column":72},"end":{"line":42,"column":99}}],"line":42},"5":{"loc":{"start":{"line":43,"column":2},"end":{"line":43,"column":null}},"type":"if","locations":[{"start":{"line":43,"column":2},"end":{"line":43,"column":null}},{"start":{},"end":{}}],"line":43},"6":{"loc":{"start":{"line":45,"column":2},"end":{"line":45,"column":null}},"type":"if","locations":[{"start":{"line":45,"column":2},"end":{"line":45,"column":null}},{"start":{},"end":{}}],"line":45},"7":{"loc":{"start":{"line":51,"column":4},"end":{"line":51,"column":null}},"type":"if","locations":[{"start":{"line":51,"column":4},"end":{"line":51,"column":null}},{"start":{},"end":{}}],"line":51},"8":{"loc":{"start":{"line":61,"column":62},"end":{"line":61,"column":101}},"type":"default-arg","locations":[{"start":{"line":61,"column":73},"end":{"line":61,"column":101}}],"line":61},"9":{"loc":{"start":{"line":63,"column":2},"end":{"line":63,"column":null}},"type":"if","locations":[{"start":{"line":63,"column":2},"end":{"line":63,"column":null}},{"start":{},"end":{}}],"line":63},"10":{"loc":{"start":{"line":72,"column":2},"end":{"line":72,"column":null}},"type":"default-arg","locations":[{"start":{"line":72,"column":21},"end":{"line":72,"column":null}}],"line":72},"11":{"loc":{"start":{"line":73,"column":2},"end":{"line":73,"column":null}},"type":"default-arg","locations":[{"start":{"line":73,"column":21},"end":{"line":73,"column":null}}],"line":73},"12":{"loc":{"start":{"line":74,"column":2},"end":{"line":74,"column":null}},"type":"default-arg","locations":[{"start":{"line":74,"column":13},"end":{"line":74,"column":null}}],"line":74},"13":{"loc":{"start":{"line":85,"column":2},"end":{"line":88,"column":null}},"type":"if","locations":[{"start":{"line":85,"column":2},"end":{"line":88,"column":null}},{"start":{},"end":{}}],"line":85},"14":{"loc":{"start":{"line":92,"column":2},"end":{"line":95,"column":null}},"type":"if","locations":[{"start":{"line":92,"column":2},"end":{"line":95,"column":null}},{"start":{},"end":{}}],"line":92},"15":{"loc":{"start":{"line":95,"column":16},"end":{"line":95,"column":null}},"type":"cond-expr","locations":[{"start":{"line":95,"column":40},"end":{"line":95,"column":49}},{"start":{"line":95,"column":49},"end":{"line":95,"column":null}}],"line":95}},"s":{"0":1,"1":1,"2":4,"3":2,"4":2,"5":2,"6":2,"7":1,"8":1,"9":1,"10":1,"11":1,"12":6,"13":6,"14":1,"15":5,"16":5,"17":1,"18":6,"19":2,"20":4,"21":4,"22":1,"23":3,"24":3,"25":3,"26":3,"27":3,"28":149988,"29":149988,"30":3,"31":149985,"32":149985,"33":3,"34":7,"35":7,"36":3,"37":4,"38":4,"39":4,"40":4,"41":4,"42":4,"43":4,"44":4,"45":2,"46":2,"47":2,"48":4,"49":2,"50":2,"51":2,"52":4},"f":{"0":4,"1":6,"2":7,"3":4},"b":{"0":[4],"1":[2,2],"2":[1,1],"3":[1,5],"4":[6],"5":[2,4],"6":[1,3],"7":[3,149985],"8":[7],"9":[3,4],"10":[4],"11":[4],"12":[4],"13":[2,2],"14":[2,2],"15":[1,1]},"meta":{"lastBranch":16,"lastFunction":4,"lastStatement":53,"seen":{"s:16:33:16:Infinity":0,"s:17:33:17:Infinity":1,"f:22:16:22:29":0,"b:22:72:22:109":0,"b:23:2:23:Infinity:undefined:undefined:undefined:undefined":1,"s:23:2:23:Infinity":2,"s:23:31:23:Infinity":3,"s:24:24:24:59":4,"b:25:2:25:Infinity:undefined:undefined:undefined:undefined":2,"s:25:2:25:Infinity":5,"s:25:33:25:Infinity":6,"s:26:20:26:Infinity":7,"s:28:13:28:Infinity":8,"s:29:14:29:Infinity":9,"s:30:2:34:Infinity":10,"s:30:15:30:32":11,"s:31:22:31:56":12,"b:32:4:32:Infinity:undefined:undefined:undefined:undefined":3,"s:32:4:32:Infinity":13,"s:32:39:32:Infinity":14,"s:33:4:33:Infinity":15,"s:34:4:34:Infinity":16,"s:36:2:36:Infinity":17,"f:42:16:42:29":1,"b:42:72:42:99":4,"b:43:2:43:Infinity:undefined:undefined:undefined:undefined":5,"s:43:2:43:Infinity":18,"s:43:31:43:Infinity":19,"s:44:24:44:59":20,"b:45:2:45:Infinity:undefined:undefined:undefined:undefined":6,"s:45:2:45:Infinity":21,"s:45:33:45:Infinity":22,"s:46:20:46:Infinity":23,"s:47:13:47:Infinity":24,"s:48:14:48:Infinity":25,"s:49:2:53:Infinity":26,"s:49:15:49:18":27,"s:50:22:50:56":28,"b:51:4:51:Infinity:undefined:undefined:undefined:undefined":7,"s:51:4:51:Infinity":29,"s:51:39:51:Infinity":30,"s:52:4:52:Infinity":31,"s:53:4:53:Infinity":32,"s:55:2:55:Infinity":33,"f:61:16:61:30":2,"b:61:73:61:101":8,"s:62:16:62:32":34,"b:63:2:63:Infinity:undefined:undefined:undefined:undefined":9,"s:63:2:63:Infinity":35,"s:63:32:63:Infinity":36,"s:64:2:64:Infinity":37,"f:70:16:70:Infinity":3,"b:72:21:72:Infinity":10,"b:73:21:73:Infinity":11,"b:74:13:74:Infinity":12,"s:76:23:76:Infinity":38,"s:77:16:77:32":39,"s:78:24:78:Infinity":40,"s:80:15:80:Infinity":41,"s:81:18:81:Infinity":42,"s:82:44:82:Infinity":43,"b:85:2:88:Infinity:undefined:undefined:undefined:undefined":13,"s:85:2:88:Infinity":44,"s:86:4:86:Infinity":45,"s:87:4:87:Infinity":46,"s:88:4:88:Infinity":47,"b:92:2:95:Infinity:undefined:undefined:undefined:undefined":14,"s:92:2:95:Infinity":48,"s:93:4:93:Infinity":49,"s:94:4:94:Infinity":50,"s:95:4:95:Infinity":51,"b:95:40:95:49:95:49:95:Infinity":15,"s:98:2:103:Infinity":52}}},"/home/quangtynu/Qcoder/picro/src/utils/child-process.ts":{"path":"/home/quangtynu/Qcoder/picro/src/utils/child-process.ts","statementMap":{"0":{"start":{"line":11,"column":28},"end":{"line":11,"column":null}},"1":{"start":{"line":14,"column":2},"end":{"line":85,"column":null}},"2":{"start":{"line":15,"column":18},"end":{"line":15,"column":null}},"3":{"start":{"line":16,"column":17},"end":{"line":16,"column":null}},"4":{"start":{"line":17,"column":34},"end":{"line":17,"column":null}},"5":{"start":{"line":19,"column":22},"end":{"line":19,"column":null}},"6":{"start":{"line":20,"column":22},"end":{"line":20,"column":null}},"7":{"start":{"line":22,"column":10},"end":{"line":31,"column":null}},"8":{"start":{"line":23,"column":6},"end":{"line":25,"column":null}},"9":{"start":{"line":24,"column":8},"end":{"line":24,"column":null}},"10":{"start":{"line":25,"column":8},"end":{"line":25,"column":null}},"11":{"start":{"line":27,"column":6},"end":{"line":27,"column":null}},"12":{"start":{"line":28,"column":6},"end":{"line":28,"column":null}},"13":{"start":{"line":29,"column":6},"end":{"line":29,"column":null}},"14":{"start":{"line":30,"column":6},"end":{"line":30,"column":null}},"15":{"start":{"line":31,"column":6},"end":{"line":31,"column":null}},"16":{"start":{"line":34,"column":10},"end":{"line":40,"column":null}},"17":{"start":{"line":35,"column":6},"end":{"line":35,"column":null}},"18":{"start":{"line":35,"column":19},"end":{"line":35,"column":null}},"19":{"start":{"line":36,"column":6},"end":{"line":36,"column":null}},"20":{"start":{"line":37,"column":6},"end":{"line":37,"column":null}},"21":{"start":{"line":38,"column":6},"end":{"line":38,"column":null}},"22":{"start":{"line":39,"column":6},"end":{"line":39,"column":null}},"23":{"start":{"line":40,"column":6},"end":{"line":40,"column":null}},"24":{"start":{"line":43,"column":10},"end":{"line":46,"column":null}},"25":{"start":{"line":44,"column":6},"end":{"line":44,"column":null}},"26":{"start":{"line":44,"column":30},"end":{"line":44,"column":null}},"27":{"start":{"line":45,"column":6},"end":{"line":46,"column":null}},"28":{"start":{"line":46,"column":8},"end":{"line":46,"column":null}},"29":{"start":{"line":50,"column":10},"end":{"line":52,"column":null}},"30":{"start":{"line":51,"column":6},"end":{"line":51,"column":null}},"31":{"start":{"line":52,"column":6},"end":{"line":52,"column":null}},"32":{"start":{"line":55,"column":10},"end":{"line":57,"column":null}},"33":{"start":{"line":56,"column":6},"end":{"line":56,"column":null}},"34":{"start":{"line":57,"column":6},"end":{"line":57,"column":null}},"35":{"start":{"line":60,"column":10},"end":{"line":64,"column":null}},"36":{"start":{"line":61,"column":6},"end":{"line":61,"column":null}},"37":{"start":{"line":61,"column":19},"end":{"line":61,"column":null}},"38":{"start":{"line":62,"column":6},"end":{"line":62,"column":null}},"39":{"start":{"line":63,"column":6},"end":{"line":63,"column":null}},"40":{"start":{"line":64,"column":6},"end":{"line":64,"column":null}},"41":{"start":{"line":67,"column":10},"end":{"line":72,"column":null}},"42":{"start":{"line":68,"column":6},"end":{"line":68,"column":null}},"43":{"start":{"line":69,"column":6},"end":{"line":69,"column":null}},"44":{"start":{"line":70,"column":6},"end":{"line":70,"column":null}},"45":{"start":{"line":71,"column":6},"end":{"line":72,"column":null}},"46":{"start":{"line":72,"column":8},"end":{"line":72,"column":null}},"47":{"start":{"line":72,"column":41},"end":{"line":72,"column":55}},"48":{"start":{"line":76,"column":10},"end":{"line":77,"column":null}},"49":{"start":{"line":77,"column":6},"end":{"line":77,"column":null}},"50":{"start":{"line":80,"column":4},"end":{"line":80,"column":null}},"51":{"start":{"line":81,"column":4},"end":{"line":81,"column":null}},"52":{"start":{"line":82,"column":4},"end":{"line":82,"column":null}},"53":{"start":{"line":83,"column":4},"end":{"line":83,"column":null}},"54":{"start":{"line":84,"column":4},"end":{"line":84,"column":null}}},"fnMap":{"0":{"name":"waitForChildProcess","decl":{"start":{"line":13,"column":16},"end":{"line":13,"column":36}},"loc":{"start":{"line":13,"column":81},"end":{"line":85,"column":null}},"line":13},"1":{"name":"(anonymous_1)","decl":{"start":{"line":14,"column":13},"end":{"line":14,"column":22}},"loc":{"start":{"line":14,"column":42},"end":{"line":85,"column":null}},"line":14},"2":{"name":"(anonymous_2)","decl":{"start":{"line":22,"column":10},"end":{"line":22,"column":26}},"loc":{"start":{"line":22,"column":26},"end":{"line":31,"column":null}},"line":22},"3":{"name":"(anonymous_3)","decl":{"start":{"line":34,"column":10},"end":{"line":34,"column":22}},"loc":{"start":{"line":34,"column":46},"end":{"line":40,"column":null}},"line":34},"4":{"name":"(anonymous_4)","decl":{"start":{"line":43,"column":10},"end":{"line":43,"column":41}},"loc":{"start":{"line":43,"column":41},"end":{"line":46,"column":null}},"line":43},"5":{"name":"(anonymous_5)","decl":{"start":{"line":50,"column":10},"end":{"line":50,"column":30}},"loc":{"start":{"line":50,"column":30},"end":{"line":52,"column":null}},"line":50},"6":{"name":"(anonymous_6)","decl":{"start":{"line":55,"column":10},"end":{"line":55,"column":30}},"loc":{"start":{"line":55,"column":30},"end":{"line":57,"column":null}},"line":55},"7":{"name":"(anonymous_7)","decl":{"start":{"line":60,"column":10},"end":{"line":60,"column":21}},"loc":{"start":{"line":60,"column":36},"end":{"line":64,"column":null}},"line":60},"8":{"name":"(anonymous_8)","decl":{"start":{"line":67,"column":10},"end":{"line":67,"column":20}},"loc":{"start":{"line":67,"column":44},"end":{"line":72,"column":null}},"line":67},"9":{"name":"(anonymous_9)","decl":{"start":{"line":72,"column":24},"end":{"line":72,"column":41}},"loc":{"start":{"line":72,"column":41},"end":{"line":72,"column":55}},"line":72},"10":{"name":"(anonymous_10)","decl":{"start":{"line":76,"column":10},"end":{"line":76,"column":21}},"loc":{"start":{"line":76,"column":45},"end":{"line":77,"column":null}},"line":76}},"branchMap":{"0":{"loc":{"start":{"line":23,"column":6},"end":{"line":25,"column":null}},"type":"if","locations":[{"start":{"line":23,"column":6},"end":{"line":25,"column":null}},{"start":{},"end":{}}],"line":23},"1":{"loc":{"start":{"line":35,"column":6},"end":{"line":35,"column":null}},"type":"if","locations":[{"start":{"line":35,"column":6},"end":{"line":35,"column":null}},{"start":{},"end":{}}],"line":35},"2":{"loc":{"start":{"line":44,"column":6},"end":{"line":44,"column":null}},"type":"if","locations":[{"start":{"line":44,"column":6},"end":{"line":44,"column":null}},{"start":{},"end":{}}],"line":44},"3":{"loc":{"start":{"line":44,"column":10},"end":{"line":44,"column":30}},"type":"binary-expr","locations":[{"start":{"line":44,"column":10},"end":{"line":44,"column":21}},{"start":{"line":44,"column":21},"end":{"line":44,"column":30}}],"line":44},"4":{"loc":{"start":{"line":45,"column":6},"end":{"line":46,"column":null}},"type":"if","locations":[{"start":{"line":45,"column":6},"end":{"line":46,"column":null}},{"start":{},"end":{}}],"line":45},"5":{"loc":{"start":{"line":45,"column":10},"end":{"line":45,"column":38}},"type":"binary-expr","locations":[{"start":{"line":45,"column":10},"end":{"line":45,"column":25}},{"start":{"line":45,"column":25},"end":{"line":45,"column":38}}],"line":45},"6":{"loc":{"start":{"line":61,"column":6},"end":{"line":61,"column":null}},"type":"if","locations":[{"start":{"line":61,"column":6},"end":{"line":61,"column":null}},{"start":{},"end":{}}],"line":61},"7":{"loc":{"start":{"line":71,"column":6},"end":{"line":72,"column":null}},"type":"if","locations":[{"start":{"line":71,"column":6},"end":{"line":72,"column":null}},{"start":{},"end":{}}],"line":71}},"s":{"0":1,"1":11,"2":11,"3":11,"4":11,"5":11,"6":11,"7":11,"8":11,"9":8,"10":8,"11":11,"12":11,"13":11,"14":11,"15":11,"16":11,"17":10,"18":0,"19":10,"20":10,"21":10,"22":10,"23":10,"24":11,"25":19,"26":0,"27":19,"28":6,"29":11,"30":5,"31":5,"32":11,"33":5,"34":5,"35":11,"36":1,"37":0,"38":1,"39":1,"40":1,"41":11,"42":9,"43":9,"44":9,"45":9,"46":8,"47":2,"48":11,"49":2,"50":11,"51":11,"52":11,"53":11,"54":11},"f":{"0":11,"1":11,"2":11,"3":10,"4":19,"5":5,"6":5,"7":1,"8":9,"9":2,"10":2},"b":{"0":[8,3],"1":[0,10],"2":[0,19],"3":[19,19],"4":[6,13],"5":[19,11],"6":[0,1],"7":[8,1]},"meta":{"lastBranch":8,"lastFunction":11,"lastStatement":55,"seen":{"s:11:28:11:Infinity":0,"f:13:16:13:36":0,"s:14:2:85:Infinity":1,"f:14:13:14:22":1,"s:15:18:15:Infinity":2,"s:16:17:16:Infinity":3,"s:17:34:17:Infinity":4,"s:19:22:19:Infinity":5,"s:20:22:20:Infinity":6,"s:22:10:31:Infinity":7,"f:22:10:22:26":2,"b:23:6:25:Infinity:undefined:undefined:undefined:undefined":0,"s:23:6:25:Infinity":8,"s:24:8:24:Infinity":9,"s:25:8:25:Infinity":10,"s:27:6:27:Infinity":11,"s:28:6:28:Infinity":12,"s:29:6:29:Infinity":13,"s:30:6:30:Infinity":14,"s:31:6:31:Infinity":15,"s:34:10:40:Infinity":16,"f:34:10:34:22":3,"b:35:6:35:Infinity:undefined:undefined:undefined:undefined":1,"s:35:6:35:Infinity":17,"s:35:19:35:Infinity":18,"s:36:6:36:Infinity":19,"s:37:6:37:Infinity":20,"s:38:6:38:Infinity":21,"s:39:6:39:Infinity":22,"s:40:6:40:Infinity":23,"s:43:10:46:Infinity":24,"f:43:10:43:41":4,"b:44:6:44:Infinity:undefined:undefined:undefined:undefined":2,"s:44:6:44:Infinity":25,"b:44:10:44:21:44:21:44:30":3,"s:44:30:44:Infinity":26,"b:45:6:46:Infinity:undefined:undefined:undefined:undefined":4,"s:45:6:46:Infinity":27,"b:45:10:45:25:45:25:45:38":5,"s:46:8:46:Infinity":28,"s:50:10:52:Infinity":29,"f:50:10:50:30":5,"s:51:6:51:Infinity":30,"s:52:6:52:Infinity":31,"s:55:10:57:Infinity":32,"f:55:10:55:30":6,"s:56:6:56:Infinity":33,"s:57:6:57:Infinity":34,"s:60:10:64:Infinity":35,"f:60:10:60:21":7,"b:61:6:61:Infinity:undefined:undefined:undefined:undefined":6,"s:61:6:61:Infinity":36,"s:61:19:61:Infinity":37,"s:62:6:62:Infinity":38,"s:63:6:63:Infinity":39,"s:64:6:64:Infinity":40,"s:67:10:72:Infinity":41,"f:67:10:67:20":8,"s:68:6:68:Infinity":42,"s:69:6:69:Infinity":43,"s:70:6:70:Infinity":44,"b:71:6:72:Infinity:undefined:undefined:undefined:undefined":7,"s:71:6:72:Infinity":45,"s:72:8:72:Infinity":46,"f:72:24:72:41":9,"s:72:41:72:55":47,"s:76:10:77:Infinity":48,"f:76:10:76:21":10,"s:77:6:77:Infinity":49,"s:80:4:80:Infinity":50,"s:81:4:81:Infinity":51,"s:82:4:82:Infinity":52,"s:83:4:83:Infinity":53,"s:84:4:84:Infinity":54}}},"/home/quangtynu/Qcoder/picro/src/utils/paths.ts":{"path":"/home/quangtynu/Qcoder/picro/src/utils/paths.ts","statementMap":{"0":{"start":{"line":10,"column":18},"end":{"line":10,"column":30}},"1":{"start":{"line":13,"column":2},"end":{"line":21,"column":null}},"2":{"start":{"line":21,"column":4},"end":{"line":21,"column":null}},"3":{"start":{"line":24,"column":2},"end":{"line":24,"column":null}}},"fnMap":{"0":{"name":"isLocalPath","decl":{"start":{"line":9,"column":16},"end":{"line":9,"column":28}},"loc":{"start":{"line":9,"column":52},"end":{"line":24,"column":null}},"line":9}},"branchMap":{"0":{"loc":{"start":{"line":13,"column":2},"end":{"line":21,"column":null}},"type":"if","locations":[{"start":{"line":13,"column":2},"end":{"line":21,"column":null}},{"start":{},"end":{}}],"line":13},"1":{"loc":{"start":{"line":14,"column":4},"end":{"line":19,"column":30}},"type":"binary-expr","locations":[{"start":{"line":14,"column":4},"end":{"line":14,"column":30}},{"start":{"line":15,"column":4},"end":{"line":15,"column":30}},{"start":{"line":16,"column":4},"end":{"line":16,"column":33}},{"start":{"line":17,"column":4},"end":{"line":17,"column":31}},{"start":{"line":18,"column":4},"end":{"line":18,"column":32}},{"start":{"line":19,"column":4},"end":{"line":19,"column":30}}],"line":14}},"s":{"0":24,"1":24,"2":6,"3":18},"f":{"0":24},"b":{"0":[6,18],"1":[24,23,22,21,20,19]},"meta":{"lastBranch":2,"lastFunction":1,"lastStatement":4,"seen":{"f:9:16:9:28":0,"s:10:18:10:30":0,"b:13:2:21:Infinity:undefined:undefined:undefined:undefined":0,"s:13:2:21:Infinity":1,"b:14:4:14:30:15:4:15:30:16:4:16:33:17:4:17:31:18:4:18:32:19:4:19:30":1,"s:21:4:21:Infinity":2,"s:24:2:24:Infinity":3}}},"/home/quangtynu/Qcoder/picro/src/utils/shell.ts":{"path":"/home/quangtynu/Qcoder/picro/src/utils/shell.ts","statementMap":{"0":{"start":{"line":22,"column":2},"end":{"line":32,"column":null}},"1":{"start":{"line":23,"column":4},"end":{"line":31,"column":null}},"2":{"start":{"line":24,"column":21},"end":{"line":24,"column":91}},"3":{"start":{"line":25,"column":6},"end":{"line":28,"column":null}},"4":{"start":{"line":26,"column":27},"end":{"line":26,"column":null}},"5":{"start":{"line":27,"column":8},"end":{"line":28,"column":null}},"6":{"start":{"line":28,"column":10},"end":{"line":28,"column":null}},"7":{"start":{"line":32,"column":4},"end":{"line":32,"column":null}},"8":{"start":{"line":36,"column":2},"end":{"line":44,"column":null}},"9":{"start":{"line":37,"column":19},"end":{"line":37,"column":85}},"10":{"start":{"line":38,"column":4},"end":{"line":41,"column":null}},"11":{"start":{"line":39,"column":25},"end":{"line":39,"column":null}},"12":{"start":{"line":40,"column":6},"end":{"line":41,"column":null}},"13":{"start":{"line":41,"column":8},"end":{"line":41,"column":null}},"14":{"start":{"line":45,"column":2},"end":{"line":45,"column":null}},"15":{"start":{"line":53,"column":2},"end":{"line":57,"column":null}},"16":{"start":{"line":54,"column":4},"end":{"line":55,"column":null}},"17":{"start":{"line":55,"column":6},"end":{"line":55,"column":null}},"18":{"start":{"line":57,"column":4},"end":{"line":57,"column":null}},"19":{"start":{"line":60,"column":2},"end":{"line":86,"column":null}},"20":{"start":{"line":62,"column":28},"end":{"line":62,"column":30}},"21":{"start":{"line":63,"column":25},"end":{"line":63,"column":null}},"22":{"start":{"line":64,"column":4},"end":{"line":65,"column":null}},"23":{"start":{"line":65,"column":6},"end":{"line":65,"column":null}},"24":{"start":{"line":67,"column":28},"end":{"line":67,"column":null}},"25":{"start":{"line":68,"column":4},"end":{"line":69,"column":null}},"26":{"start":{"line":69,"column":6},"end":{"line":69,"column":null}},"27":{"start":{"line":72,"column":4},"end":{"line":74,"column":null}},"28":{"start":{"line":73,"column":6},"end":{"line":74,"column":null}},"29":{"start":{"line":74,"column":8},"end":{"line":74,"column":null}},"30":{"start":{"line":79,"column":23},"end":{"line":79,"column":39}},"31":{"start":{"line":80,"column":4},"end":{"line":81,"column":null}},"32":{"start":{"line":81,"column":6},"end":{"line":81,"column":null}},"33":{"start":{"line":84,"column":4},"end":{"line":86,"column":null}},"34":{"start":{"line":90,"column":2},"end":{"line":91,"column":null}},"35":{"start":{"line":91,"column":4},"end":{"line":91,"column":null}},"36":{"start":{"line":94,"column":21},"end":{"line":94,"column":37}},"37":{"start":{"line":95,"column":2},"end":{"line":96,"column":null}},"38":{"start":{"line":96,"column":4},"end":{"line":96,"column":null}},"39":{"start":{"line":99,"column":2},"end":{"line":99,"column":null}},"40":{"start":{"line":108,"column":2},"end":{"line":108,"column":null}},"41":{"start":{"line":116,"column":2},"end":{"line":128,"column":null}},"42":{"start":{"line":118,"column":19},"end":{"line":118,"column":38}},"43":{"start":{"line":119,"column":6},"end":{"line":119,"column":null}},"44":{"start":{"line":119,"column":30},"end":{"line":119,"column":null}},"45":{"start":{"line":121,"column":6},"end":{"line":121,"column":null}},"46":{"start":{"line":121,"column":59},"end":{"line":121,"column":null}},"47":{"start":{"line":123,"column":6},"end":{"line":123,"column":null}},"48":{"start":{"line":123,"column":24},"end":{"line":123,"column":null}},"49":{"start":{"line":125,"column":6},"end":{"line":125,"column":null}},"50":{"start":{"line":125,"column":44},"end":{"line":125,"column":null}},"51":{"start":{"line":126,"column":6},"end":{"line":126,"column":null}},"52":{"start":{"line":134,"column":33},"end":{"line":134,"column":50}},"53":{"start":{"line":137,"column":2},"end":{"line":137,"column":null}},"54":{"start":{"line":141,"column":2},"end":{"line":141,"column":null}},"55":{"start":{"line":148,"column":2},"end":{"line":163,"column":null}},"56":{"start":{"line":149,"column":4},"end":{"line":154,"column":null}},"57":{"start":{"line":150,"column":6},"end":{"line":153,"column":null}},"58":{"start":{"line":158,"column":4},"end":{"line":163,"column":null}},"59":{"start":{"line":159,"column":6},"end":{"line":159,"column":null}},"60":{"start":{"line":161,"column":6},"end":{"line":163,"column":null}},"61":{"start":{"line":162,"column":8},"end":{"line":162,"column":null}},"62":{"start":{"line":171,"column":2},"end":{"line":172,"column":null}},"63":{"start":{"line":172,"column":4},"end":{"line":172,"column":null}},"64":{"start":{"line":174,"column":2},"end":{"line":174,"column":null}}},"fnMap":{"0":{"name":"findBashOnPath","decl":{"start":{"line":21,"column":9},"end":{"line":21,"column":41}},"loc":{"start":{"line":21,"column":41},"end":{"line":45,"column":null}},"line":21},"1":{"name":"getShellConfig","decl":{"start":{"line":51,"column":16},"end":{"line":51,"column":31}},"loc":{"start":{"line":51,"column":70},"end":{"line":99,"column":null}},"line":51},"2":{"name":"getShellEnv","decl":{"start":{"line":105,"column":16},"end":{"line":105,"column":49}},"loc":{"start":{"line":105,"column":49},"end":{"line":108,"column":null}},"line":105},"3":{"name":"sanitizeBinaryOutput","decl":{"start":{"line":115,"column":16},"end":{"line":115,"column":37}},"loc":{"start":{"line":115,"column":58},"end":{"line":128,"column":null}},"line":115},"4":{"name":"(anonymous_4)","decl":{"start":{"line":117,"column":5},"end":{"line":117,"column":13}},"loc":{"start":{"line":117,"column":22},"end":{"line":127,"column":null}},"line":117},"5":{"name":"trackDetachedChildPid","decl":{"start":{"line":136,"column":16},"end":{"line":136,"column":38}},"loc":{"start":{"line":136,"column":57},"end":{"line":137,"column":null}},"line":136},"6":{"name":"untrackDetachedChildPid","decl":{"start":{"line":140,"column":16},"end":{"line":140,"column":40}},"loc":{"start":{"line":140,"column":59},"end":{"line":141,"column":null}},"line":140},"7":{"name":"killProcessTree","decl":{"start":{"line":147,"column":16},"end":{"line":147,"column":32}},"loc":{"start":{"line":147,"column":51},"end":{"line":163,"column":null}},"line":147},"8":{"name":"killTrackedDetachedChildren","decl":{"start":{"line":170,"column":16},"end":{"line":170,"column":52}},"loc":{"start":{"line":170,"column":52},"end":{"line":174,"column":null}},"line":170}},"branchMap":{"0":{"loc":{"start":{"line":22,"column":2},"end":{"line":32,"column":null}},"type":"if","locations":[{"start":{"line":22,"column":2},"end":{"line":32,"column":null}},{"start":{},"end":{}}],"line":22},"1":{"loc":{"start":{"line":25,"column":6},"end":{"line":28,"column":null}},"type":"if","locations":[{"start":{"line":25,"column":6},"end":{"line":28,"column":null}},{"start":{},"end":{}}],"line":25},"2":{"loc":{"start":{"line":25,"column":10},"end":{"line":25,"column":48}},"type":"binary-expr","locations":[{"start":{"line":25,"column":10},"end":{"line":25,"column":33}},{"start":{"line":25,"column":33},"end":{"line":25,"column":48}}],"line":25},"3":{"loc":{"start":{"line":27,"column":8},"end":{"line":28,"column":null}},"type":"if","locations":[{"start":{"line":27,"column":8},"end":{"line":28,"column":null}},{"start":{},"end":{}}],"line":27},"4":{"loc":{"start":{"line":27,"column":12},"end":{"line":27,"column":48}},"type":"binary-expr","locations":[{"start":{"line":27,"column":12},"end":{"line":27,"column":26}},{"start":{"line":27,"column":26},"end":{"line":27,"column":48}}],"line":27},"5":{"loc":{"start":{"line":38,"column":4},"end":{"line":41,"column":null}},"type":"if","locations":[{"start":{"line":38,"column":4},"end":{"line":41,"column":null}},{"start":{},"end":{}}],"line":38},"6":{"loc":{"start":{"line":38,"column":8},"end":{"line":38,"column":46}},"type":"binary-expr","locations":[{"start":{"line":38,"column":8},"end":{"line":38,"column":31}},{"start":{"line":38,"column":31},"end":{"line":38,"column":46}}],"line":38},"7":{"loc":{"start":{"line":40,"column":6},"end":{"line":41,"column":null}},"type":"if","locations":[{"start":{"line":40,"column":6},"end":{"line":41,"column":null}},{"start":{},"end":{}}],"line":40},"8":{"loc":{"start":{"line":53,"column":2},"end":{"line":57,"column":null}},"type":"if","locations":[{"start":{"line":53,"column":2},"end":{"line":57,"column":null}},{"start":{},"end":{}}],"line":53},"9":{"loc":{"start":{"line":54,"column":4},"end":{"line":55,"column":null}},"type":"if","locations":[{"start":{"line":54,"column":4},"end":{"line":55,"column":null}},{"start":{},"end":{}}],"line":54},"10":{"loc":{"start":{"line":60,"column":2},"end":{"line":86,"column":null}},"type":"if","locations":[{"start":{"line":60,"column":2},"end":{"line":86,"column":null}},{"start":{},"end":{}}],"line":60},"11":{"loc":{"start":{"line":64,"column":4},"end":{"line":65,"column":null}},"type":"if","locations":[{"start":{"line":64,"column":4},"end":{"line":65,"column":null}},{"start":{},"end":{}}],"line":64},"12":{"loc":{"start":{"line":68,"column":4},"end":{"line":69,"column":null}},"type":"if","locations":[{"start":{"line":68,"column":4},"end":{"line":69,"column":null}},{"start":{},"end":{}}],"line":68},"13":{"loc":{"start":{"line":73,"column":6},"end":{"line":74,"column":null}},"type":"if","locations":[{"start":{"line":73,"column":6},"end":{"line":74,"column":null}},{"start":{},"end":{}}],"line":73},"14":{"loc":{"start":{"line":80,"column":4},"end":{"line":81,"column":null}},"type":"if","locations":[{"start":{"line":80,"column":4},"end":{"line":81,"column":null}},{"start":{},"end":{}}],"line":80},"15":{"loc":{"start":{"line":90,"column":2},"end":{"line":91,"column":null}},"type":"if","locations":[{"start":{"line":90,"column":2},"end":{"line":91,"column":null}},{"start":{},"end":{}}],"line":90},"16":{"loc":{"start":{"line":95,"column":2},"end":{"line":96,"column":null}},"type":"if","locations":[{"start":{"line":95,"column":2},"end":{"line":96,"column":null}},{"start":{},"end":{}}],"line":95},"17":{"loc":{"start":{"line":119,"column":6},"end":{"line":119,"column":null}},"type":"if","locations":[{"start":{"line":119,"column":6},"end":{"line":119,"column":null}},{"start":{},"end":{}}],"line":119},"18":{"loc":{"start":{"line":121,"column":6},"end":{"line":121,"column":null}},"type":"if","locations":[{"start":{"line":121,"column":6},"end":{"line":121,"column":null}},{"start":{},"end":{}}],"line":121},"19":{"loc":{"start":{"line":121,"column":10},"end":{"line":121,"column":59}},"type":"binary-expr","locations":[{"start":{"line":121,"column":10},"end":{"line":121,"column":27}},{"start":{"line":121,"column":27},"end":{"line":121,"column":44}},{"start":{"line":121,"column":44},"end":{"line":121,"column":59}}],"line":121},"20":{"loc":{"start":{"line":123,"column":6},"end":{"line":123,"column":null}},"type":"if","locations":[{"start":{"line":123,"column":6},"end":{"line":123,"column":null}},{"start":{},"end":{}}],"line":123},"21":{"loc":{"start":{"line":125,"column":6},"end":{"line":125,"column":null}},"type":"if","locations":[{"start":{"line":125,"column":6},"end":{"line":125,"column":null}},{"start":{},"end":{}}],"line":125},"22":{"loc":{"start":{"line":125,"column":10},"end":{"line":125,"column":44}},"type":"binary-expr","locations":[{"start":{"line":125,"column":10},"end":{"line":125,"column":28}},{"start":{"line":125,"column":28},"end":{"line":125,"column":44}}],"line":125},"23":{"loc":{"start":{"line":148,"column":2},"end":{"line":163,"column":null}},"type":"if","locations":[{"start":{"line":148,"column":2},"end":{"line":163,"column":null}},{"start":{"line":157,"column":9},"end":{"line":163,"column":null}}],"line":148}},"s":{"0":4,"1":2,"2":2,"3":2,"4":1,"5":1,"6":1,"7":1,"8":2,"9":2,"10":2,"11":0,"12":0,"13":0,"14":2,"15":7,"16":2,"17":1,"18":1,"19":5,"20":3,"21":3,"22":3,"23":1,"24":3,"25":3,"26":0,"27":3,"28":1,"29":1,"30":2,"31":2,"32":1,"33":1,"34":2,"35":0,"36":2,"37":2,"38":0,"39":2,"40":5,"41":8,"42":70,"43":70,"44":0,"45":70,"46":3,"47":67,"48":4,"49":63,"50":2,"51":61,"52":2,"53":39,"54":2,"55":42,"56":5,"57":5,"58":37,"59":37,"60":2,"61":2,"62":28,"63":38,"64":28},"f":{"0":4,"1":7,"2":5,"3":8,"4":70,"5":39,"6":2,"7":42,"8":28},"b":{"0":[2,2],"1":[1,1],"2":[2,1],"3":[1,0],"4":[1,1],"5":[0,2],"6":[2,0],"7":[0,0],"8":[2,5],"9":[1,1],"10":[3,2],"11":[1,2],"12":[0,3],"13":[1,0],"14":[1,1],"15":[0,2],"16":[0,2],"17":[0,70],"18":[3,67],"19":[70,69,68],"20":[4,63],"21":[2,61],"22":[63,2],"23":[5,37]},"meta":{"lastBranch":24,"lastFunction":9,"lastStatement":65,"seen":{"f:21:9:21:41":0,"b:22:2:32:Infinity:undefined:undefined:undefined:undefined":0,"s:22:2:32:Infinity":0,"s:23:4:31:Infinity":1,"s:24:21:24:91":2,"b:25:6:28:Infinity:undefined:undefined:undefined:undefined":1,"s:25:6:28:Infinity":3,"b:25:10:25:33:25:33:25:48":2,"s:26:27:26:Infinity":4,"b:27:8:28:Infinity:undefined:undefined:undefined:undefined":3,"s:27:8:28:Infinity":5,"b:27:12:27:26:27:26:27:48":4,"s:28:10:28:Infinity":6,"s:32:4:32:Infinity":7,"s:36:2:44:Infinity":8,"s:37:19:37:85":9,"b:38:4:41:Infinity:undefined:undefined:undefined:undefined":5,"s:38:4:41:Infinity":10,"b:38:8:38:31:38:31:38:46":6,"s:39:25:39:Infinity":11,"b:40:6:41:Infinity:undefined:undefined:undefined:undefined":7,"s:40:6:41:Infinity":12,"s:41:8:41:Infinity":13,"s:45:2:45:Infinity":14,"f:51:16:51:31":1,"b:53:2:57:Infinity:undefined:undefined:undefined:undefined":8,"s:53:2:57:Infinity":15,"b:54:4:55:Infinity:undefined:undefined:undefined:undefined":9,"s:54:4:55:Infinity":16,"s:55:6:55:Infinity":17,"s:57:4:57:Infinity":18,"b:60:2:86:Infinity:undefined:undefined:undefined:undefined":10,"s:60:2:86:Infinity":19,"s:62:28:62:30":20,"s:63:25:63:Infinity":21,"b:64:4:65:Infinity:undefined:undefined:undefined:undefined":11,"s:64:4:65:Infinity":22,"s:65:6:65:Infinity":23,"s:67:28:67:Infinity":24,"b:68:4:69:Infinity:undefined:undefined:undefined:undefined":12,"s:68:4:69:Infinity":25,"s:69:6:69:Infinity":26,"s:72:4:74:Infinity":27,"b:73:6:74:Infinity:undefined:undefined:undefined:undefined":13,"s:73:6:74:Infinity":28,"s:74:8:74:Infinity":29,"s:79:23:79:39":30,"b:80:4:81:Infinity:undefined:undefined:undefined:undefined":14,"s:80:4:81:Infinity":31,"s:81:6:81:Infinity":32,"s:84:4:86:Infinity":33,"b:90:2:91:Infinity:undefined:undefined:undefined:undefined":15,"s:90:2:91:Infinity":34,"s:91:4:91:Infinity":35,"s:94:21:94:37":36,"b:95:2:96:Infinity:undefined:undefined:undefined:undefined":16,"s:95:2:96:Infinity":37,"s:96:4:96:Infinity":38,"s:99:2:99:Infinity":39,"f:105:16:105:49":2,"s:108:2:108:Infinity":40,"f:115:16:115:37":3,"s:116:2:128:Infinity":41,"f:117:5:117:13":4,"s:118:19:118:38":42,"b:119:6:119:Infinity:undefined:undefined:undefined:undefined":17,"s:119:6:119:Infinity":43,"s:119:30:119:Infinity":44,"b:121:6:121:Infinity:undefined:undefined:undefined:undefined":18,"s:121:6:121:Infinity":45,"b:121:10:121:27:121:27:121:44:121:44:121:59":19,"s:121:59:121:Infinity":46,"b:123:6:123:Infinity:undefined:undefined:undefined:undefined":20,"s:123:6:123:Infinity":47,"s:123:24:123:Infinity":48,"b:125:6:125:Infinity:undefined:undefined:undefined:undefined":21,"s:125:6:125:Infinity":49,"b:125:10:125:28:125:28:125:44":22,"s:125:44:125:Infinity":50,"s:126:6:126:Infinity":51,"s:134:33:134:50":52,"f:136:16:136:38":5,"s:137:2:137:Infinity":53,"f:140:16:140:40":6,"s:141:2:141:Infinity":54,"f:147:16:147:32":7,"b:148:2:163:Infinity:157:9:163:Infinity":23,"s:148:2:163:Infinity":55,"s:149:4:154:Infinity":56,"s:150:6:153:Infinity":57,"s:158:4:163:Infinity":58,"s:159:6:159:Infinity":59,"s:161:6:163:Infinity":60,"s:162:8:162:Infinity":61,"f:170:16:170:52":8,"s:171:2:172:Infinity":62,"s:172:4:172:Infinity":63,"s:174:2:174:Infinity":64}}},"/home/quangtynu/Qcoder/picro/src/utils/timings.ts":{"path":"/home/quangtynu/Qcoder/picro/src/utils/timings.ts","statementMap":{"0":{"start":{"line":10,"column":2},"end":{"line":10,"column":null}},"1":{"start":{"line":13,"column":54},"end":{"line":13,"column":56}},"2":{"start":{"line":14,"column":15},"end":{"line":14,"column":32}},"3":{"start":{"line":20,"column":2},"end":{"line":20,"column":null}},"4":{"start":{"line":20,"column":20},"end":{"line":20,"column":null}},"5":{"start":{"line":21,"column":2},"end":{"line":21,"column":null}},"6":{"start":{"line":22,"column":2},"end":{"line":22,"column":null}},"7":{"start":{"line":29,"column":2},"end":{"line":29,"column":null}},"8":{"start":{"line":29,"column":20},"end":{"line":29,"column":null}},"9":{"start":{"line":30,"column":14},"end":{"line":30,"column":31}},"10":{"start":{"line":31,"column":2},"end":{"line":31,"column":null}},"11":{"start":{"line":32,"column":2},"end":{"line":32,"column":null}},"12":{"start":{"line":39,"column":2},"end":{"line":39,"column":null}},"13":{"start":{"line":39,"column":44},"end":{"line":39,"column":null}},"14":{"start":{"line":40,"column":2},"end":{"line":40,"column":null}},"15":{"start":{"line":41,"column":2},"end":{"line":42,"column":null}},"16":{"start":{"line":42,"column":4},"end":{"line":42,"column":null}},"17":{"start":{"line":44,"column":16},"end":{"line":44,"column":57}},"18":{"start":{"line":44,"column":43},"end":{"line":44,"column":55}},"19":{"start":{"line":45,"column":2},"end":{"line":45,"column":null}},"20":{"start":{"line":46,"column":2},"end":{"line":46,"column":null}},"21":{"start":{"line":53,"column":2},"end":{"line":53,"column":null}},"22":{"start":{"line":62,"column":16},"end":{"line":62,"column":21}},"23":{"start":{"line":63,"column":17},"end":{"line":63,"column":21}},"24":{"start":{"line":64,"column":14},"end":{"line":64,"column":19}},"25":{"start":{"line":65,"column":2},"end":{"line":65,"column":null}}},"fnMap":{"0":{"name":"isEnabled","decl":{"start":{"line":9,"column":9},"end":{"line":9,"column":30}},"loc":{"start":{"line":9,"column":30},"end":{"line":10,"column":null}},"line":9},"1":{"name":"resetTimings","decl":{"start":{"line":19,"column":16},"end":{"line":19,"column":37}},"loc":{"start":{"line":19,"column":37},"end":{"line":22,"column":null}},"line":19},"2":{"name":"time","decl":{"start":{"line":28,"column":16},"end":{"line":28,"column":21}},"loc":{"start":{"line":28,"column":42},"end":{"line":32,"column":null}},"line":28},"3":{"name":"printTimings","decl":{"start":{"line":38,"column":16},"end":{"line":38,"column":37}},"loc":{"start":{"line":38,"column":37},"end":{"line":46,"column":null}},"line":38},"4":{"name":"(anonymous_4)","decl":{"start":{"line":44,"column":24},"end":{"line":44,"column":32}},"loc":{"start":{"line":44,"column":43},"end":{"line":44,"column":55}},"line":44},"5":{"name":"now","decl":{"start":{"line":52,"column":16},"end":{"line":52,"column":30}},"loc":{"start":{"line":52,"column":30},"end":{"line":53,"column":null}},"line":52},"6":{"name":"measure","decl":{"start":{"line":61,"column":16},"end":{"line":61,"column":27}},"loc":{"start":{"line":61,"column":48},"end":{"line":65,"column":null}},"line":61}},"branchMap":{"0":{"loc":{"start":{"line":20,"column":2},"end":{"line":20,"column":null}},"type":"if","locations":[{"start":{"line":20,"column":2},"end":{"line":20,"column":null}},{"start":{},"end":{}}],"line":20},"1":{"loc":{"start":{"line":29,"column":2},"end":{"line":29,"column":null}},"type":"if","locations":[{"start":{"line":29,"column":2},"end":{"line":29,"column":null}},{"start":{},"end":{}}],"line":29},"2":{"loc":{"start":{"line":39,"column":2},"end":{"line":39,"column":null}},"type":"if","locations":[{"start":{"line":39,"column":2},"end":{"line":39,"column":null}},{"start":{},"end":{}}],"line":39},"3":{"loc":{"start":{"line":39,"column":6},"end":{"line":39,"column":44}},"type":"binary-expr","locations":[{"start":{"line":39,"column":6},"end":{"line":39,"column":18}},{"start":{"line":39,"column":22},"end":{"line":39,"column":44}}],"line":39}},"s":{"0":33,"1":2,"2":2,"3":17,"4":4,"5":13,"6":13,"7":11,"8":1,"9":10,"10":10,"11":10,"12":5,"13":4,"14":1,"15":1,"16":4,"17":1,"18":4,"19":1,"20":1,"21":4,"22":2,"23":2,"24":2,"25":2},"f":{"0":33,"1":17,"2":11,"3":5,"4":4,"5":4,"6":2},"b":{"0":[4,13],"1":[1,10],"2":[4,1],"3":[5,3]},"meta":{"lastBranch":4,"lastFunction":7,"lastStatement":26,"seen":{"f:9:9:9:30":0,"s:10:2:10:Infinity":0,"s:13:54:13:56":1,"s:14:15:14:32":2,"f:19:16:19:37":1,"b:20:2:20:Infinity:undefined:undefined:undefined:undefined":0,"s:20:2:20:Infinity":3,"s:20:20:20:Infinity":4,"s:21:2:21:Infinity":5,"s:22:2:22:Infinity":6,"f:28:16:28:21":2,"b:29:2:29:Infinity:undefined:undefined:undefined:undefined":1,"s:29:2:29:Infinity":7,"s:29:20:29:Infinity":8,"s:30:14:30:31":9,"s:31:2:31:Infinity":10,"s:32:2:32:Infinity":11,"f:38:16:38:37":3,"b:39:2:39:Infinity:undefined:undefined:undefined:undefined":2,"s:39:2:39:Infinity":12,"b:39:6:39:18:39:22:39:44":3,"s:39:44:39:Infinity":13,"s:40:2:40:Infinity":14,"s:41:2:42:Infinity":15,"s:42:4:42:Infinity":16,"s:44:16:44:57":17,"f:44:24:44:32":4,"s:44:43:44:55":18,"s:45:2:45:Infinity":19,"s:46:2:46:Infinity":20,"f:52:16:52:30":5,"s:53:2:53:Infinity":21,"f:61:16:61:27":6,"s:62:16:62:21":22,"s:63:17:63:21":23,"s:64:14:64:19":24,"s:65:2:65:Infinity":25}}}}}
 % Coverage report from v8
-------------------|---------|----------|---------|---------|-------------------
File               | % Stmts | % Branch | % Funcs | % Lines | Uncovered Line #s 
-------------------|---------|----------|---------|---------|-------------------
All files          |   82.96 |    75.56 |   81.84 |   83.87 |                   
 src               |   71.55 |    66.07 |   57.14 |      75 |                   
  config.ts        |   68.96 |    71.42 |   42.85 |   74.07 | 25,34,60-80       
  migrations.ts    |   72.41 |    64.28 |   71.42 |    75.3 | 81,131,142-178    
 src/agent         |    86.7 |    80.65 |    87.5 |   88.33 |                   
  agent-loop.ts    |      82 |    68.35 |   84.21 |   83.17 | ...1225,1246-1254 
  agent.ts         |   87.05 |    86.78 |   88.33 |   90.04 | ...46,586-604,743 
  ...xt-manager.ts |   86.44 |       75 |   94.11 |   85.71 | ...06,165-166,179 
  loop-strategy.ts |   93.33 |    91.17 |     100 |   92.78 | 168,180-185,220   
  proxy-stream.ts  |   98.59 |     92.3 |   57.14 |   98.55 | 79                
  tool-executor.ts |   86.55 |    79.86 |   86.84 |   89.15 | ...75-488,509-511 
  types.ts         |      60 |      100 |      20 |     100 |                   
 src/events        |   98.71 |    92.13 |     100 |   99.09 |                   
  event-emitter.ts |     100 |    90.62 |     100 |     100 | 141-154,211       
  ...t-recorder.ts |   91.89 |    91.66 |     100 |   94.11 | 69,99             
  ...nt-emitter.ts |     100 |     93.1 |     100 |     100 | 88,220            
 src/extensions    |   64.54 |    48.88 |   36.36 |    64.1 |                   
  loader.ts        |   80.95 |    48.57 |   57.14 |   81.13 | ...41-246,266-280 
  runner.ts        |    41.3 |       50 |      28 |   42.52 | ...04-212,222-346 
 src/llm           |   90.67 |    87.95 |   90.74 |   90.79 |                   
  api-registry.ts  |   95.65 |    88.88 |     100 |   95.65 | 73                
  env-api-keys.ts  |   81.96 |       80 |     100 |   82.14 | ...20-121,127-128 
  index.ts         |       0 |      100 |       0 |       0 | 50                
  models.ts        |   63.15 |       80 |      40 |   58.82 | 19-31             
  overflow.ts      |   93.47 |    80.76 |      80 |   93.18 | 31-32,142         
  ...m-messages.ts |   91.73 |    84.44 |     100 |   92.59 | ...10,150,159,212 
  validation.ts    |     100 |    91.89 |     100 |     100 | 13-27             
 src/llm/providers |   79.72 |    65.75 |    91.3 |    82.7 |                   
  ...compatible.ts |   79.72 |    65.75 |    91.3 |    82.7 | ...80-290,295-308 
 src/llm/utils     |   97.65 |     92.1 |      96 |   97.47 |                   
  stream-buffer.ts |      95 |    93.93 |   91.66 |   94.64 | 107,132-133       
  validation.ts    |     100 |    69.23 |     100 |     100 | 5-14,34-36        
 src/memory        |   93.73 |    84.08 |   93.16 |   95.41 |                   
  agent-app.ts     |   86.36 |    77.77 |   78.57 |   85.71 | 88-96,120-131     
  engine-dedup.ts  |   96.96 |    95.45 |     100 |     100 | 29                
  engine.ts        |   94.63 |       77 |   95.34 |   96.29 | ...70-171,410,412 
  retrieval.ts     |   91.97 |    85.98 |   92.68 |   94.69 | 134,298-308,380   
  storage.ts       |   98.85 |    88.63 |     100 |   98.68 | 49                
 src/modes         |     100 |    77.77 |     100 |     100 |                   
  print-mode.ts    |     100 |    77.77 |     100 |     100 | 30,49-56,66       
 src/runtime       |   82.34 |    79.04 |   84.15 |   82.72 |                   
  ...on-runtime.ts |   78.47 |    63.15 |     100 |   78.16 | ...29-451,464-469 
  cli-args.ts      |   89.47 |    90.28 |   85.71 |   89.18 | ...56,164,168,200 
  diagnostics.ts   |   97.29 |    76.47 |     100 |   98.55 | 233               
  ...a-provider.ts |     100 |    90.47 |     100 |     100 | 162,177           
  keybindings.ts   |     100 |       75 |     100 |     100 | 75-123            
  output-guard.ts  |   91.13 |    87.03 |    87.5 |   94.28 | 54,84-101,237     
  ...ce-tracker.ts |   91.42 |    86.66 |    92.3 |    93.1 | 53,105            
  ...-templates.ts |    91.3 |    80.95 |     100 |   95.31 | 212,238-243,281   
  ...rce-loader.ts |    92.4 |    78.68 |   84.61 |    92.3 | ...34-337,358-360 
  ...gs-manager.ts |   72.07 |    71.97 |   77.87 |   71.85 | ...73-900,975-983 
  ...-validator.ts |   90.32 |    96.11 |   66.66 |    91.8 | ...08,126,139-140 
  skills.ts        |   97.43 |    89.18 |     100 |     100 | 38,99,104,171     
  source-info.ts   |     100 |     87.5 |     100 |     100 | 53                
  system-prompt.ts |   98.61 |       82 |     100 |   98.55 | 68                
  telemetry.ts     |   95.38 |    92.85 |     100 |   95.16 | 123-124,144       
  trust-manager.ts |    2.66 |        0 |    6.66 |     2.7 | 15-119,131-156    
 src/session       |   73.81 |       64 |   70.08 |   74.64 |                   
  ...n-services.ts |   70.78 |    60.81 |   15.78 |   77.77 | ...62-264,323,330 
  agent-session.ts |    62.1 |    54.45 |   57.14 |   62.53 | ...2005,2056,2151 
  auth-storage.ts  |   84.61 |    81.03 |   79.41 |   86.11 | ...61,248-254,317 
  ...marization.ts |   93.81 |    85.45 |     100 |   93.97 | 193-199           
  compaction.ts    |   87.32 |    77.24 |   95.45 |   88.08 | ...89-400,577,581 
  ...l-registry.ts |   82.05 |    78.72 |   68.42 |   80.82 | 167,204-229       
  ...l-resolver.ts |   45.19 |    45.45 |   42.85 |   47.31 | ...12-120,191-282 
  session-cwd.ts   |   81.25 |       80 |      80 |   81.25 | 74-76             
  ...on-manager.ts |   82.63 |    64.68 |   89.88 |   83.33 | ...5,643,768,1046 
 src/tools         |   92.49 |    82.97 |   94.11 |    92.4 |                   
  bash-executor.ts |   88.17 |       75 |   92.85 |   89.77 | ...16-217,241-242 
  bash-tool.js     |   90.21 |    73.33 |   90.47 |   89.77 | ...-59,89,170-172 
  edit.js          |   94.73 |    88.88 |     100 |   94.11 | 26                
  ...tion-queue.ts |   84.61 |    78.57 |      90 |      84 | ...20-121,192-198 
  ls.js            |    92.3 |    78.94 |     100 |   91.66 | 29,46             
  read.js          |     100 |     92.3 |     100 |     100 | 33                
  write.js         |     100 |       90 |     100 |     100 | 26                
 src/utils         |   93.33 |    83.95 |     100 |   95.65 |                   
  child-process.ts |   94.54 |    81.25 |     100 |     100 | 35-44,61          
  shell.ts         |   89.23 |    79.59 |     100 |   90.16 | 39-41,69,91,96    
-------------------|---------|----------|---------|---------|-------------------

=============================== Coverage summary ===============================
Statements   : 82.96% ( 5937/7156 )
Branches     : 75.56% ( 3373/4464 )
Functions    : 81.84% ( 1127/1377 )
Lines        : 83.87% ( 5530/6593 )
================================================================================
